<?xml version="1.0" encoding="UTF-8"?>
<coverage generated="1656477613">
  <project timestamp="1656477613">
    <file name="C:\Users\hello\Projects\auth0-PHP\src\API\Authentication.php">
      <class name="Auth0\SDK\API\Authentication" namespace="global">
        <metrics complexity="25" methods="20" coveredmethods="20" conditionals="0" coveredconditionals="0" statements="179" coveredstatements="179" elements="199" coveredelements="199"/>
      </class>
      <line num="37" type="method" name="__construct" visibility="public" complexity="3" crap="3" count="52"/>
      <line num="41" type="stmt" count="52"/>
      <line num="42" type="stmt" count="1"/>
      <line num="46" type="stmt" count="52"/>
      <line num="47" type="stmt" count="1"/>
      <line num="51" type="stmt" count="51"/>
      <line num="54" type="method" name="getHttpClient" visibility="public" complexity="2" crap="2" count="27"/>
      <line num="56" type="stmt" count="27"/>
      <line num="57" type="stmt" count="25"/>
      <line num="60" type="stmt" count="27"/>
      <line num="63" type="method" name="getSamlpLink" visibility="public" complexity="1" crap="1" count="1"/>
      <line num="67" type="stmt" count="1"/>
      <line num="70" type="stmt" count="1"/>
      <line num="71" type="stmt" count="1"/>
      <line num="72" type="stmt" count="1"/>
      <line num="75" type="stmt" count="1"/>
      <line num="76" type="stmt" count="1"/>
      <line num="77" type="stmt" count="1"/>
      <line num="79" type="stmt" count="1"/>
      <line num="81" type="stmt" count="1"/>
      <line num="83" type="stmt" count="1"/>
      <line num="87" type="method" name="getSamlpMetadataLink" visibility="public" complexity="1" crap="1" count="1"/>
      <line num="90" type="stmt" count="1"/>
      <line num="93" type="stmt" count="1"/>
      <line num="94" type="stmt" count="1"/>
      <line num="95" type="stmt" count="1"/>
      <line num="97" type="stmt" count="1"/>
      <line num="99" type="stmt" count="1"/>
      <line num="104" type="method" name="getWsfedLink" visibility="public" complexity="1" crap="1" count="1"/>
      <line num="108" type="stmt" count="1"/>
      <line num="111" type="stmt" count="1"/>
      <line num="114" type="stmt" count="1"/>
      <line num="115" type="stmt" count="1"/>
      <line num="116" type="stmt" count="1"/>
      <line num="118" type="stmt" count="1"/>
      <line num="120" type="stmt" count="1"/>
      <line num="122" type="stmt" count="1"/>
      <line num="126" type="method" name="getWsfedMetadataLink" visibility="public" complexity="1" crap="1" count="1"/>
      <line num="128" type="stmt" count="1"/>
      <line num="130" type="stmt" count="1"/>
      <line num="134" type="method" name="getLoginLink" visibility="public" complexity="2" crap="2" count="12"/>
      <line num="139" type="stmt" count="12"/>
      <line num="142" type="stmt" count="12"/>
      <line num="144" type="stmt" count="12"/>
      <line num="145" type="stmt" count="12"/>
      <line num="146" type="stmt" count="12"/>
      <line num="148" type="stmt" count="12"/>
      <line num="149" type="stmt" count="12"/>
      <line num="150" type="stmt" count="12"/>
      <line num="152" type="stmt" count="12"/>
      <line num="154" type="stmt" count="12"/>
      <line num="155" type="stmt" count="12"/>
      <line num="157" type="stmt" count="12"/>
      <line num="158" type="stmt" count="12"/>
      <line num="159" type="stmt" count="12"/>
      <line num="161" type="stmt" count="12"/>
      <line num="162" type="stmt" count="12"/>
      <line num="163" type="stmt" count="12"/>
      <line num="168" type="method" name="getLogoutLink" visibility="public" complexity="2" crap="2" count="2"/>
      <line num="172" type="stmt" count="2"/>
      <line num="175" type="stmt" count="2"/>
      <line num="178" type="stmt" count="2"/>
      <line num="179" type="stmt" count="2"/>
      <line num="180" type="stmt" count="2"/>
      <line num="182" type="stmt" count="2"/>
      <line num="184" type="stmt" count="2"/>
      <line num="185" type="stmt" count="2"/>
      <line num="187" type="stmt" count="2"/>
      <line num="192" type="method" name="passwordlessStart" visibility="public" complexity="1" crap="1" count="5"/>
      <line num="196" type="stmt" count="5"/>
      <line num="201" type="stmt" count="5"/>
      <line num="202" type="stmt" count="5"/>
      <line num="203" type="stmt" count="5"/>
      <line num="204" type="stmt" count="5"/>
      <line num="205" type="stmt" count="5"/>
      <line num="206" type="stmt" count="4"/>
      <line num="208" type="stmt" count="3"/>
      <line num="209" type="stmt" count="3"/>
      <line num="212" type="method" name="emailPasswordlessStart" visibility="public" complexity="1" crap="1" count="4"/>
      <line num="218" type="stmt" count="4"/>
      <line num="219" type="stmt" count="4"/>
      <line num="221" type="stmt" count="4"/>
      <line num="222" type="stmt" count="4"/>
      <line num="223" type="stmt" count="4"/>
      <line num="225" type="stmt" count="2"/>
      <line num="226" type="stmt" count="2"/>
      <line num="227" type="stmt" count="2"/>
      <line num="229" type="stmt" count="1"/>
      <line num="231" type="stmt" count="1"/>
      <line num="236" type="stmt" count="1"/>
      <line num="241" type="stmt" count="1"/>
      <line num="244" type="method" name="smsPasswordlessStart" visibility="public" complexity="1" crap="1" count="2"/>
      <line num="248" type="stmt" count="2"/>
      <line num="249" type="stmt" count="2"/>
      <line num="251" type="stmt" count="2"/>
      <line num="252" type="stmt" count="2"/>
      <line num="253" type="stmt" count="2"/>
      <line num="255" type="stmt" count="1"/>
      <line num="257" type="stmt" count="1"/>
      <line num="260" type="stmt" count="1"/>
      <line num="265" type="stmt" count="1"/>
      <line num="268" type="method" name="userInfo" visibility="public" complexity="1" crap="1" count="5"/>
      <line num="271" type="stmt" count="5"/>
      <line num="273" type="stmt" count="5"/>
      <line num="274" type="stmt" count="5"/>
      <line num="275" type="stmt" count="5"/>
      <line num="277" type="stmt" count="5"/>
      <line num="278" type="stmt" count="5"/>
      <line num="279" type="stmt" count="5"/>
      <line num="280" type="stmt" count="5"/>
      <line num="281" type="stmt" count="5"/>
      <line num="284" type="method" name="oauthToken" visibility="public" complexity="1" crap="1" count="19"/>
      <line num="289" type="stmt" count="19"/>
      <line num="290" type="stmt" count="19"/>
      <line num="292" type="stmt" count="19"/>
      <line num="293" type="stmt" count="19"/>
      <line num="294" type="stmt" count="19"/>
      <line num="298" type="stmt" count="19"/>
      <line num="300" type="stmt" count="19"/>
      <line num="301" type="stmt" count="19"/>
      <line num="307" type="stmt" count="19"/>
      <line num="308" type="stmt" count="19"/>
      <line num="309" type="stmt" count="19"/>
      <line num="310" type="stmt" count="19"/>
      <line num="311" type="stmt" count="19"/>
      <line num="312" type="stmt" count="19"/>
      <line num="315" type="method" name="codeExchange" visibility="public" complexity="1" crap="1" count="12"/>
      <line num="320" type="stmt" count="12"/>
      <line num="322" type="stmt" count="12"/>
      <line num="323" type="stmt" count="12"/>
      <line num="324" type="stmt" count="12"/>
      <line num="326" type="stmt" count="12"/>
      <line num="327" type="stmt" count="12"/>
      <line num="328" type="stmt" count="12"/>
      <line num="330" type="stmt" count="12"/>
      <line num="332" type="stmt" count="12"/>
      <line num="336" type="stmt" count="12"/>
      <line num="340" type="stmt" count="12"/>
      <line num="343" type="method" name="login" visibility="public" complexity="1" crap="1" count="1"/>
      <line num="350" type="stmt" count="1"/>
      <line num="351" type="stmt" count="1"/>
      <line num="353" type="stmt" count="1"/>
      <line num="354" type="stmt" count="1"/>
      <line num="355" type="stmt" count="1"/>
      <line num="356" type="stmt" count="1"/>
      <line num="357" type="stmt" count="1"/>
      <line num="361" type="stmt" count="1"/>
      <line num="370" type="stmt" count="1"/>
      <line num="373" type="method" name="loginWithDefaultDirectory" visibility="public" complexity="1" crap="1" count="1"/>
      <line num="379" type="stmt" count="1"/>
      <line num="380" type="stmt" count="1"/>
      <line num="382" type="stmt" count="1"/>
      <line num="383" type="stmt" count="1"/>
      <line num="384" type="stmt" count="1"/>
      <line num="385" type="stmt" count="1"/>
      <line num="389" type="stmt" count="1"/>
      <line num="397" type="stmt" count="1"/>
      <line num="400" type="method" name="clientCredentials" visibility="public" complexity="1" crap="1" count="3"/>
      <line num="404" type="stmt" count="3"/>
      <line num="408" type="stmt" count="3"/>
      <line num="409" type="stmt" count="3"/>
      <line num="415" type="stmt" count="3"/>
      <line num="418" type="method" name="refreshToken" visibility="public" complexity="1" crap="1" count="3"/>
      <line num="423" type="stmt" count="3"/>
      <line num="424" type="stmt" count="3"/>
      <line num="426" type="stmt" count="3"/>
      <line num="427" type="stmt" count="3"/>
      <line num="428" type="stmt" count="3"/>
      <line num="432" type="stmt" count="3"/>
      <line num="439" type="stmt" count="3"/>
      <line num="442" type="method" name="dbConnectionsSignup" visibility="public" complexity="1" crap="1" count="1"/>
      <line num="449" type="stmt" count="1"/>
      <line num="450" type="stmt" count="1"/>
      <line num="452" type="stmt" count="1"/>
      <line num="453" type="stmt" count="1"/>
      <line num="454" type="stmt" count="1"/>
      <line num="455" type="stmt" count="1"/>
      <line num="456" type="stmt" count="1"/>
      <line num="461" type="stmt" count="1"/>
      <line num="462" type="stmt" count="1"/>
      <line num="463" type="stmt" count="1"/>
      <line num="464" type="stmt" count="1"/>
      <line num="465" type="stmt" count="1"/>
      <line num="470" type="stmt" count="1"/>
      <line num="471" type="stmt" count="1"/>
      <line num="474" type="method" name="dbConnectionsChangePassword" visibility="public" complexity="1" crap="1" count="1"/>
      <line num="480" type="stmt" count="1"/>
      <line num="481" type="stmt" count="1"/>
      <line num="483" type="stmt" count="1"/>
      <line num="484" type="stmt" count="1"/>
      <line num="485" type="stmt" count="1"/>
      <line num="486" type="stmt" count="1"/>
      <line num="491" type="stmt" count="1"/>
      <line num="492" type="stmt" count="1"/>
      <line num="493" type="stmt" count="1"/>
      <line num="494" type="stmt" count="1"/>
      <line num="495" type="stmt" count="1"/>
      <line num="499" type="stmt" count="1"/>
      <line num="500" type="stmt" count="1"/>
      <metrics loc="503" ncloc="448" classes="1" methods="20" coveredmethods="20" conditionals="0" coveredconditionals="0" statements="179" coveredstatements="179" elements="199" coveredelements="199"/>
    </file>
    <file name="C:\Users\hello\Projects\auth0-PHP\src\API\Management.php">
      <class name="Auth0\SDK\API\Management" namespace="global">
        <metrics complexity="44" methods="29" coveredmethods="29" conditionals="0" coveredconditionals="0" statements="86" coveredstatements="86" elements="115" coveredelements="115"/>
      </class>
      <line num="93" type="method" name="__construct" visibility="public" complexity="3" crap="3" count="265"/>
      <line num="97" type="stmt" count="265"/>
      <line num="98" type="stmt" count="236"/>
      <line num="102" type="stmt" count="265"/>
      <line num="103" type="stmt" count="1"/>
      <line num="107" type="stmt" count="264"/>
      <line num="110" type="method" name="getHttpClient" visibility="public" complexity="13" crap="13" count="263"/>
      <line num="113" type="stmt" count="263"/>
      <line num="114" type="stmt" count="232"/>
      <line num="118" type="stmt" count="263"/>
      <line num="121" type="stmt" count="263"/>
      <line num="124" type="stmt" count="263"/>
      <line num="125" type="stmt" count="2"/>
      <line num="126" type="stmt" count="2"/>
      <line num="127" type="stmt" count="1"/>
      <line num="133" type="stmt" count="263"/>
      <line num="134" type="stmt" count="2"/>
      <line num="135" type="stmt" count="2"/>
      <line num="136" type="stmt" count="2"/>
      <line num="140" type="stmt" count="2"/>
      <line num="141" type="stmt" count="1"/>
      <line num="142" type="stmt" count="1"/>
      <line num="145" type="stmt" count="1"/>
      <line num="146" type="stmt" count="1"/>
      <line num="147" type="stmt" count="1"/>
      <line num="148" type="stmt" count="1"/>
      <line num="150" type="stmt" count="1"/>
      <line num="153" type="stmt" count="1"/>
      <line num="154" type="stmt" count="1"/>
      <line num="155" type="stmt" count="1"/>
      <line num="156" type="stmt" count="1"/>
      <line num="158" type="stmt" count="1"/>
      <line num="163" type="stmt" count="262"/>
      <line num="164" type="stmt" count="1"/>
      <line num="168" type="stmt" count="261"/>
      <line num="171" type="method" name="getLastRequest" visibility="public" complexity="1" crap="1" count="1"/>
      <line num="173" type="stmt" count="1"/>
      <line num="176" type="method" name="getResponsePaginator" visibility="public" complexity="1" crap="1" count="14"/>
      <line num="178" type="stmt" count="14"/>
      <line num="181" type="method" name="actions" visibility="public" complexity="1" crap="1" count="32"/>
      <line num="183" type="stmt" count="32"/>
      <line num="185" type="stmt" count="32"/>
      <line num="188" type="method" name="attackProtection" visibility="public" complexity="1" crap="1" count="9"/>
      <line num="190" type="stmt" count="9"/>
      <line num="192" type="stmt" count="9"/>
      <line num="195" type="method" name="blacklists" visibility="public" complexity="1" crap="1" count="5"/>
      <line num="197" type="stmt" count="5"/>
      <line num="199" type="stmt" count="4"/>
      <line num="202" type="method" name="clients" visibility="public" complexity="1" crap="1" count="6"/>
      <line num="204" type="stmt" count="6"/>
      <line num="206" type="stmt" count="6"/>
      <line num="209" type="method" name="connections" visibility="public" complexity="1" crap="1" count="7"/>
      <line num="211" type="stmt" count="7"/>
      <line num="213" type="stmt" count="7"/>
      <line num="216" type="method" name="clientGrants" visibility="public" complexity="1" crap="1" count="11"/>
      <line num="218" type="stmt" count="11"/>
      <line num="220" type="stmt" count="11"/>
      <line num="223" type="method" name="deviceCredentials" visibility="public" complexity="1" crap="1" count="8"/>
      <line num="225" type="stmt" count="8"/>
      <line num="227" type="stmt" count="8"/>
      <line num="230" type="method" name="emails" visibility="public" complexity="1" crap="1" count="7"/>
      <line num="232" type="stmt" count="7"/>
      <line num="234" type="stmt" count="7"/>
      <line num="237" type="method" name="emailTemplates" visibility="public" complexity="1" crap="1" count="10"/>
      <line num="239" type="stmt" count="10"/>
      <line num="241" type="stmt" count="10"/>
      <line num="244" type="method" name="grants" visibility="public" complexity="1" crap="1" count="6"/>
      <line num="246" type="stmt" count="6"/>
      <line num="248" type="stmt" count="6"/>
      <line num="251" type="method" name="guardian" visibility="public" complexity="1" crap="1" count="4"/>
      <line num="253" type="stmt" count="4"/>
      <line num="255" type="stmt" count="4"/>
      <line num="258" type="method" name="jobs" visibility="public" complexity="1" crap="1" count="6"/>
      <line num="260" type="stmt" count="6"/>
      <line num="262" type="stmt" count="6"/>
      <line num="265" type="method" name="logs" visibility="public" complexity="1" crap="1" count="3"/>
      <line num="267" type="stmt" count="3"/>
      <line num="269" type="stmt" count="3"/>
      <line num="272" type="method" name="logStreams" visibility="public" complexity="1" crap="1" count="7"/>
      <line num="274" type="stmt" count="7"/>
      <line num="276" type="stmt" count="7"/>
      <line num="279" type="method" name="organizations" visibility="public" complexity="1" crap="1" count="65"/>
      <line num="281" type="stmt" count="65"/>
      <line num="283" type="stmt" count="65"/>
      <line num="286" type="method" name="roles" visibility="public" complexity="1" crap="1" count="11"/>
      <line num="288" type="stmt" count="11"/>
      <line num="290" type="stmt" count="11"/>
      <line num="293" type="method" name="rules" visibility="public" complexity="1" crap="1" count="6"/>
      <line num="295" type="stmt" count="6"/>
      <line num="297" type="stmt" count="6"/>
      <line num="300" type="method" name="resourceServers" visibility="public" complexity="1" crap="1" count="6"/>
      <line num="302" type="stmt" count="6"/>
      <line num="304" type="stmt" count="6"/>
      <line num="307" type="method" name="stats" visibility="public" complexity="1" crap="1" count="3"/>
      <line num="309" type="stmt" count="3"/>
      <line num="311" type="stmt" count="3"/>
      <line num="314" type="method" name="tenants" visibility="public" complexity="1" crap="1" count="3"/>
      <line num="316" type="stmt" count="3"/>
      <line num="318" type="stmt" count="3"/>
      <line num="321" type="method" name="tickets" visibility="public" complexity="1" crap="1" count="3"/>
      <line num="323" type="stmt" count="3"/>
      <line num="325" type="stmt" count="3"/>
      <line num="328" type="method" name="userBlocks" visibility="public" complexity="1" crap="1" count="5"/>
      <line num="330" type="stmt" count="5"/>
      <line num="332" type="stmt" count="5"/>
      <line num="335" type="method" name="users" visibility="public" complexity="1" crap="1" count="30"/>
      <line num="337" type="stmt" count="30"/>
      <line num="339" type="stmt" count="30"/>
      <line num="342" type="method" name="usersByEmail" visibility="public" complexity="1" crap="1" count="2"/>
      <line num="344" type="stmt" count="2"/>
      <line num="346" type="stmt" count="2"/>
      <line num="354" type="method" name="getClassInstance" visibility="private" complexity="2" crap="2" count="255"/>
      <line num="357" type="stmt" count="255"/>
      <line num="358" type="stmt" count="255"/>
      <line num="361" type="stmt" count="254"/>
      <metrics loc="364" ncloc="300" classes="1" methods="29" coveredmethods="29" conditionals="0" coveredconditionals="0" statements="86" coveredstatements="86" elements="115" coveredelements="115"/>
    </file>
    <file name="C:\Users\hello\Projects\auth0-PHP\src\API\Management\Actions.php">
      <class name="Auth0\SDK\API\Management\Actions" namespace="global">
        <metrics complexity="14" methods="14" coveredmethods="14" conditionals="0" coveredconditionals="0" statements="142" coveredstatements="142" elements="156" coveredelements="156"/>
      </class>
      <line num="20" type="method" name="create" visibility="public" complexity="1" crap="1" count="2"/>
      <line num="24" type="stmt" count="2"/>
      <line num="26" type="stmt" count="2"/>
      <line num="27" type="stmt" count="2"/>
      <line num="28" type="stmt" count="2"/>
      <line num="30" type="stmt" count="1"/>
      <line num="31" type="stmt" count="1"/>
      <line num="32" type="stmt" count="1"/>
      <line num="33" type="stmt" count="1"/>
      <line num="34" type="stmt" count="1"/>
      <line num="35" type="stmt" count="1"/>
      <line num="38" type="method" name="getAll" visibility="public" complexity="1" crap="1" count="2"/>
      <line num="42" type="stmt" count="2"/>
      <line num="46" type="stmt" count="2"/>
      <line num="47" type="stmt" count="2"/>
      <line num="48" type="stmt" count="2"/>
      <line num="49" type="stmt" count="2"/>
      <line num="50" type="stmt" count="2"/>
      <line num="51" type="stmt" count="2"/>
      <line num="54" type="method" name="get" visibility="public" complexity="1" crap="1" count="2"/>
      <line num="58" type="stmt" count="2"/>
      <line num="60" type="stmt" count="2"/>
      <line num="61" type="stmt" count="2"/>
      <line num="62" type="stmt" count="2"/>
      <line num="64" type="stmt" count="1"/>
      <line num="65" type="stmt" count="1"/>
      <line num="66" type="stmt" count="1"/>
      <line num="67" type="stmt" count="1"/>
      <line num="68" type="stmt" count="1"/>
      <line num="71" type="method" name="update" visibility="public" complexity="1" crap="1" count="3"/>
      <line num="76" type="stmt" count="3"/>
      <line num="77" type="stmt" count="3"/>
      <line num="79" type="stmt" count="3"/>
      <line num="80" type="stmt" count="3"/>
      <line num="81" type="stmt" count="3"/>
      <line num="83" type="stmt" count="2"/>
      <line num="84" type="stmt" count="2"/>
      <line num="85" type="stmt" count="2"/>
      <line num="87" type="stmt" count="1"/>
      <line num="88" type="stmt" count="1"/>
      <line num="89" type="stmt" count="1"/>
      <line num="90" type="stmt" count="1"/>
      <line num="91" type="stmt" count="1"/>
      <line num="92" type="stmt" count="1"/>
      <line num="95" type="method" name="delete" visibility="public" complexity="1" crap="1" count="3"/>
      <line num="100" type="stmt" count="3"/>
      <line num="102" type="stmt" count="3"/>
      <line num="103" type="stmt" count="3"/>
      <line num="104" type="stmt" count="3"/>
      <line num="106" type="stmt" count="2"/>
      <line num="108" type="stmt" count="2"/>
      <line num="110" type="stmt" count="2"/>
      <line num="114" type="stmt" count="2"/>
      <line num="115" type="stmt" count="2"/>
      <line num="116" type="stmt" count="2"/>
      <line num="117" type="stmt" count="2"/>
      <line num="118" type="stmt" count="2"/>
      <line num="119" type="stmt" count="2"/>
      <line num="122" type="method" name="deploy" visibility="public" complexity="1" crap="1" count="2"/>
      <line num="126" type="stmt" count="2"/>
      <line num="128" type="stmt" count="2"/>
      <line num="129" type="stmt" count="2"/>
      <line num="130" type="stmt" count="2"/>
      <line num="132" type="stmt" count="1"/>
      <line num="133" type="stmt" count="1"/>
      <line num="134" type="stmt" count="1"/>
      <line num="135" type="stmt" count="1"/>
      <line num="136" type="stmt" count="1"/>
      <line num="139" type="method" name="test" visibility="public" complexity="1" crap="1" count="3"/>
      <line num="144" type="stmt" count="3"/>
      <line num="145" type="stmt" count="3"/>
      <line num="147" type="stmt" count="3"/>
      <line num="148" type="stmt" count="3"/>
      <line num="149" type="stmt" count="3"/>
      <line num="151" type="stmt" count="2"/>
      <line num="152" type="stmt" count="2"/>
      <line num="153" type="stmt" count="2"/>
      <line num="155" type="stmt" count="1"/>
      <line num="156" type="stmt" count="1"/>
      <line num="157" type="stmt" count="1"/>
      <line num="158" type="stmt" count="1"/>
      <line num="159" type="stmt" count="1"/>
      <line num="160" type="stmt" count="1"/>
      <line num="163" type="method" name="getVersion" visibility="public" complexity="1" crap="1" count="3"/>
      <line num="168" type="stmt" count="3"/>
      <line num="170" type="stmt" count="3"/>
      <line num="171" type="stmt" count="3"/>
      <line num="172" type="stmt" count="3"/>
      <line num="173" type="stmt" count="3"/>
      <line num="175" type="stmt" count="1"/>
      <line num="176" type="stmt" count="1"/>
      <line num="177" type="stmt" count="1"/>
      <line num="178" type="stmt" count="1"/>
      <line num="179" type="stmt" count="1"/>
      <line num="182" type="method" name="getVersions" visibility="public" complexity="1" crap="1" count="2"/>
      <line num="186" type="stmt" count="2"/>
      <line num="188" type="stmt" count="2"/>
      <line num="189" type="stmt" count="2"/>
      <line num="190" type="stmt" count="2"/>
      <line num="192" type="stmt" count="1"/>
      <line num="193" type="stmt" count="1"/>
      <line num="194" type="stmt" count="1"/>
      <line num="195" type="stmt" count="1"/>
      <line num="196" type="stmt" count="1"/>
      <line num="199" type="method" name="rollbackVersion" visibility="public" complexity="1" crap="1" count="3"/>
      <line num="204" type="stmt" count="3"/>
      <line num="206" type="stmt" count="3"/>
      <line num="207" type="stmt" count="3"/>
      <line num="208" type="stmt" count="3"/>
      <line num="209" type="stmt" count="3"/>
      <line num="211" type="stmt" count="1"/>
      <line num="212" type="stmt" count="1"/>
      <line num="213" type="stmt" count="1"/>
      <line num="214" type="stmt" count="1"/>
      <line num="215" type="stmt" count="1"/>
      <line num="218" type="method" name="getTriggers" visibility="public" complexity="1" crap="1" count="1"/>
      <line num="221" type="stmt" count="1"/>
      <line num="222" type="stmt" count="1"/>
      <line num="223" type="stmt" count="1"/>
      <line num="224" type="stmt" count="1"/>
      <line num="225" type="stmt" count="1"/>
      <line num="228" type="method" name="getTriggerBindings" visibility="public" complexity="1" crap="1" count="1"/>
      <line num="232" type="stmt" count="1"/>
      <line num="234" type="stmt" count="1"/>
      <line num="235" type="stmt" count="1"/>
      <line num="236" type="stmt" count="1"/>
      <line num="238" type="stmt" count="1"/>
      <line num="239" type="stmt" count="1"/>
      <line num="240" type="stmt" count="1"/>
      <line num="241" type="stmt" count="1"/>
      <line num="242" type="stmt" count="1"/>
      <line num="245" type="method" name="updateTriggerBindings" visibility="public" complexity="1" crap="1" count="3"/>
      <line num="250" type="stmt" count="3"/>
      <line num="251" type="stmt" count="3"/>
      <line num="253" type="stmt" count="3"/>
      <line num="254" type="stmt" count="3"/>
      <line num="255" type="stmt" count="3"/>
      <line num="257" type="stmt" count="2"/>
      <line num="258" type="stmt" count="2"/>
      <line num="259" type="stmt" count="2"/>
      <line num="261" type="stmt" count="1"/>
      <line num="262" type="stmt" count="1"/>
      <line num="263" type="stmt" count="1"/>
      <line num="264" type="stmt" count="1"/>
      <line num="265" type="stmt" count="1"/>
      <line num="266" type="stmt" count="1"/>
      <line num="269" type="method" name="getExecution" visibility="public" complexity="1" crap="1" count="2"/>
      <line num="273" type="stmt" count="2"/>
      <line num="275" type="stmt" count="2"/>
      <line num="276" type="stmt" count="2"/>
      <line num="277" type="stmt" count="2"/>
      <line num="279" type="stmt" count="1"/>
      <line num="280" type="stmt" count="1"/>
      <line num="281" type="stmt" count="1"/>
      <line num="282" type="stmt" count="1"/>
      <line num="283" type="stmt" count="1"/>
      <metrics loc="286" ncloc="278" classes="1" methods="14" coveredmethods="14" conditionals="0" coveredconditionals="0" statements="142" coveredstatements="142" elements="156" coveredelements="156"/>
    </file>
    <file name="C:\Users\hello\Projects\auth0-PHP\src\API\Management\AttackProtection.php">
      <class name="Auth0\SDK\API\Management\AttackProtection" namespace="global">
        <metrics complexity="6" methods="6" coveredmethods="6" conditionals="0" coveredconditionals="0" statements="45" coveredstatements="45" elements="51" coveredelements="51"/>
      </class>
      <line num="20" type="method" name="getBreachedPasswordDetection" visibility="public" complexity="1" crap="1" count="1"/>
      <line num="23" type="stmt" count="1"/>
      <line num="24" type="stmt" count="1"/>
      <line num="25" type="stmt" count="1"/>
      <line num="26" type="stmt" count="1"/>
      <line num="27" type="stmt" count="1"/>
      <line num="30" type="method" name="getBruteForceProtection" visibility="public" complexity="1" crap="1" count="1"/>
      <line num="33" type="stmt" count="1"/>
      <line num="34" type="stmt" count="1"/>
      <line num="35" type="stmt" count="1"/>
      <line num="36" type="stmt" count="1"/>
      <line num="37" type="stmt" count="1"/>
      <line num="40" type="method" name="getSuspiciousIpThrottling" visibility="public" complexity="1" crap="1" count="1"/>
      <line num="43" type="stmt" count="1"/>
      <line num="44" type="stmt" count="1"/>
      <line num="45" type="stmt" count="1"/>
      <line num="46" type="stmt" count="1"/>
      <line num="47" type="stmt" count="1"/>
      <line num="50" type="method" name="updateBreachedPasswordDetection" visibility="public" complexity="1" crap="1" count="2"/>
      <line num="54" type="stmt" count="2"/>
      <line num="56" type="stmt" count="2"/>
      <line num="57" type="stmt" count="2"/>
      <line num="58" type="stmt" count="2"/>
      <line num="60" type="stmt" count="1"/>
      <line num="61" type="stmt" count="1"/>
      <line num="62" type="stmt" count="1"/>
      <line num="63" type="stmt" count="1"/>
      <line num="64" type="stmt" count="1"/>
      <line num="65" type="stmt" count="1"/>
      <line num="68" type="method" name="updateBruteForceProtection" visibility="public" complexity="1" crap="1" count="2"/>
      <line num="72" type="stmt" count="2"/>
      <line num="74" type="stmt" count="2"/>
      <line num="75" type="stmt" count="2"/>
      <line num="76" type="stmt" count="2"/>
      <line num="78" type="stmt" count="1"/>
      <line num="79" type="stmt" count="1"/>
      <line num="80" type="stmt" count="1"/>
      <line num="81" type="stmt" count="1"/>
      <line num="82" type="stmt" count="1"/>
      <line num="83" type="stmt" count="1"/>
      <line num="86" type="method" name="updateSuspiciousIpThrottling" visibility="public" complexity="1" crap="1" count="2"/>
      <line num="90" type="stmt" count="2"/>
      <line num="92" type="stmt" count="2"/>
      <line num="93" type="stmt" count="2"/>
      <line num="94" type="stmt" count="2"/>
      <line num="96" type="stmt" count="1"/>
      <line num="97" type="stmt" count="1"/>
      <line num="98" type="stmt" count="1"/>
      <line num="99" type="stmt" count="1"/>
      <line num="100" type="stmt" count="1"/>
      <line num="101" type="stmt" count="1"/>
      <metrics loc="104" ncloc="98" classes="1" methods="6" coveredmethods="6" conditionals="0" coveredconditionals="0" statements="45" coveredstatements="45" elements="51" coveredelements="51"/>
    </file>
    <file name="C:\Users\hello\Projects\auth0-PHP\src\API\Management\Blacklists.php">
      <class name="Auth0\SDK\API\Management\Blacklists" namespace="global">
        <metrics complexity="2" methods="2" coveredmethods="2" conditionals="0" coveredconditionals="0" statements="20" coveredstatements="20" elements="22" coveredelements="22"/>
      </class>
      <line num="20" type="method" name="create" visibility="public" complexity="1" crap="1" count="1"/>
      <line num="25" type="stmt" count="1"/>
      <line num="27" type="stmt" count="1"/>
      <line num="28" type="stmt" count="1"/>
      <line num="29" type="stmt" count="1"/>
      <line num="31" type="stmt" count="1"/>
      <line num="32" type="stmt" count="1"/>
      <line num="33" type="stmt" count="1"/>
      <line num="34" type="stmt" count="1"/>
      <line num="35" type="stmt" count="1"/>
      <line num="37" type="stmt" count="1"/>
      <line num="40" type="stmt" count="1"/>
      <line num="42" type="stmt" count="1"/>
      <line num="43" type="stmt" count="1"/>
      <line num="46" type="method" name="get" visibility="public" complexity="1" crap="1" count="1"/>
      <line num="50" type="stmt" count="1"/>
      <line num="52" type="stmt" count="1"/>
      <line num="53" type="stmt" count="1"/>
      <line num="54" type="stmt" count="1"/>
      <line num="55" type="stmt" count="1"/>
      <line num="56" type="stmt" count="1"/>
      <line num="57" type="stmt" count="1"/>
      <metrics loc="60" ncloc="54" classes="1" methods="2" coveredmethods="2" conditionals="0" coveredconditionals="0" statements="20" coveredstatements="20" elements="22" coveredelements="22"/>
    </file>
    <file name="C:\Users\hello\Projects\auth0-PHP\src\API\Management\ClientGrants.php">
      <class name="Auth0\SDK\API\Management\ClientGrants" namespace="global">
        <metrics complexity="6" methods="6" coveredmethods="6" conditionals="0" coveredconditionals="0" statements="55" coveredstatements="55" elements="61" coveredelements="61"/>
      </class>
      <line num="20" type="method" name="create" visibility="public" complexity="1" crap="1" count="3"/>
      <line num="26" type="stmt" count="3"/>
      <line num="27" type="stmt" count="3"/>
      <line num="29" type="stmt" count="3"/>
      <line num="30" type="stmt" count="3"/>
      <line num="31" type="stmt" count="3"/>
      <line num="32" type="stmt" count="3"/>
      <line num="34" type="stmt" count="1"/>
      <line num="35" type="stmt" count="1"/>
      <line num="36" type="stmt" count="1"/>
      <line num="37" type="stmt" count="1"/>
      <line num="39" type="stmt" count="1"/>
      <line num="44" type="stmt" count="1"/>
      <line num="45" type="stmt" count="1"/>
      <line num="48" type="method" name="getAll" visibility="public" complexity="1" crap="1" count="5"/>
      <line num="52" type="stmt" count="5"/>
      <line num="56" type="stmt" count="5"/>
      <line num="57" type="stmt" count="5"/>
      <line num="58" type="stmt" count="5"/>
      <line num="59" type="stmt" count="5"/>
      <line num="60" type="stmt" count="5"/>
      <line num="61" type="stmt" count="5"/>
      <line num="64" type="method" name="getAllByAudience" visibility="public" complexity="1" crap="1" count="1"/>
      <line num="69" type="stmt" count="1"/>
      <line num="70" type="stmt" count="1"/>
      <line num="72" type="stmt" count="1"/>
      <line num="73" type="stmt" count="1"/>
      <line num="74" type="stmt" count="1"/>
      <line num="78" type="stmt" count="1"/>
      <line num="84" type="stmt" count="1"/>
      <line num="87" type="method" name="getAllByClientId" visibility="public" complexity="1" crap="1" count="1"/>
      <line num="92" type="stmt" count="1"/>
      <line num="93" type="stmt" count="1"/>
      <line num="95" type="stmt" count="1"/>
      <line num="96" type="stmt" count="1"/>
      <line num="97" type="stmt" count="1"/>
      <line num="101" type="stmt" count="1"/>
      <line num="107" type="stmt" count="1"/>
      <line num="110" type="method" name="update" visibility="public" complexity="1" crap="1" count="1"/>
      <line num="115" type="stmt" count="1"/>
      <line num="116" type="stmt" count="1"/>
      <line num="118" type="stmt" count="1"/>
      <line num="119" type="stmt" count="1"/>
      <line num="120" type="stmt" count="1"/>
      <line num="122" type="stmt" count="1"/>
      <line num="123" type="stmt" count="1"/>
      <line num="124" type="stmt" count="1"/>
      <line num="125" type="stmt" count="1"/>
      <line num="127" type="stmt" count="1"/>
      <line num="130" type="stmt" count="1"/>
      <line num="131" type="stmt" count="1"/>
      <line num="134" type="method" name="delete" visibility="public" complexity="1" crap="1" count="1"/>
      <line num="138" type="stmt" count="1"/>
      <line num="140" type="stmt" count="1"/>
      <line num="141" type="stmt" count="1"/>
      <line num="142" type="stmt" count="1"/>
      <line num="144" type="stmt" count="1"/>
      <line num="145" type="stmt" count="1"/>
      <line num="146" type="stmt" count="1"/>
      <line num="147" type="stmt" count="1"/>
      <line num="148" type="stmt" count="1"/>
      <metrics loc="151" ncloc="140" classes="1" methods="6" coveredmethods="6" conditionals="0" coveredconditionals="0" statements="55" coveredstatements="55" elements="61" coveredelements="61"/>
    </file>
    <file name="C:\Users\hello\Projects\auth0-PHP\src\API\Management\Clients.php">
      <class name="Auth0\SDK\API\Management\Clients" namespace="global">
        <metrics complexity="5" methods="5" coveredmethods="5" conditionals="0" coveredconditionals="0" statements="49" coveredstatements="49" elements="54" coveredelements="54"/>
      </class>
      <line num="20" type="method" name="create" visibility="public" complexity="1" crap="1" count="1"/>
      <line num="25" type="stmt" count="1"/>
      <line num="26" type="stmt" count="1"/>
      <line num="28" type="stmt" count="1"/>
      <line num="29" type="stmt" count="1"/>
      <line num="30" type="stmt" count="1"/>
      <line num="34" type="stmt" count="1"/>
      <line num="35" type="stmt" count="1"/>
      <line num="36" type="stmt" count="1"/>
      <line num="37" type="stmt" count="1"/>
      <line num="38" type="stmt" count="1"/>
      <line num="40" type="stmt" count="1"/>
      <line num="42" type="stmt" count="1"/>
      <line num="43" type="stmt" count="1"/>
      <line num="46" type="method" name="getAll" visibility="public" complexity="1" crap="1" count="1"/>
      <line num="50" type="stmt" count="1"/>
      <line num="54" type="stmt" count="1"/>
      <line num="55" type="stmt" count="1"/>
      <line num="56" type="stmt" count="1"/>
      <line num="57" type="stmt" count="1"/>
      <line num="58" type="stmt" count="1"/>
      <line num="59" type="stmt" count="1"/>
      <line num="62" type="method" name="get" visibility="public" complexity="1" crap="1" count="1"/>
      <line num="66" type="stmt" count="1"/>
      <line num="68" type="stmt" count="1"/>
      <line num="69" type="stmt" count="1"/>
      <line num="70" type="stmt" count="1"/>
      <line num="72" type="stmt" count="1"/>
      <line num="73" type="stmt" count="1"/>
      <line num="74" type="stmt" count="1"/>
      <line num="75" type="stmt" count="1"/>
      <line num="76" type="stmt" count="1"/>
      <line num="79" type="method" name="update" visibility="public" complexity="1" crap="1" count="1"/>
      <line num="84" type="stmt" count="1"/>
      <line num="85" type="stmt" count="1"/>
      <line num="87" type="stmt" count="1"/>
      <line num="88" type="stmt" count="1"/>
      <line num="89" type="stmt" count="1"/>
      <line num="91" type="stmt" count="1"/>
      <line num="92" type="stmt" count="1"/>
      <line num="93" type="stmt" count="1"/>
      <line num="94" type="stmt" count="1"/>
      <line num="95" type="stmt" count="1"/>
      <line num="96" type="stmt" count="1"/>
      <line num="99" type="method" name="delete" visibility="public" complexity="1" crap="1" count="1"/>
      <line num="103" type="stmt" count="1"/>
      <line num="105" type="stmt" count="1"/>
      <line num="106" type="stmt" count="1"/>
      <line num="107" type="stmt" count="1"/>
      <line num="109" type="stmt" count="1"/>
      <line num="110" type="stmt" count="1"/>
      <line num="111" type="stmt" count="1"/>
      <line num="112" type="stmt" count="1"/>
      <line num="113" type="stmt" count="1"/>
      <metrics loc="116" ncloc="108" classes="1" methods="5" coveredmethods="5" conditionals="0" coveredconditionals="0" statements="49" coveredstatements="49" elements="54" coveredelements="54"/>
    </file>
    <file name="C:\Users\hello\Projects\auth0-PHP\src\API\Management\Connections.php">
      <class name="Auth0\SDK\API\Management\Connections" namespace="global">
        <metrics complexity="6" methods="6" coveredmethods="6" conditionals="0" coveredconditionals="0" statements="63" coveredstatements="63" elements="69" coveredelements="69"/>
      </class>
      <line num="20" type="method" name="create" visibility="public" complexity="1" crap="1" count="1"/>
      <line num="26" type="stmt" count="1"/>
      <line num="27" type="stmt" count="1"/>
      <line num="29" type="stmt" count="1"/>
      <line num="30" type="stmt" count="1"/>
      <line num="31" type="stmt" count="1"/>
      <line num="32" type="stmt" count="1"/>
      <line num="36" type="stmt" count="1"/>
      <line num="37" type="stmt" count="1"/>
      <line num="38" type="stmt" count="1"/>
      <line num="39" type="stmt" count="1"/>
      <line num="40" type="stmt" count="1"/>
      <line num="43" type="stmt" count="1"/>
      <line num="45" type="stmt" count="1"/>
      <line num="46" type="stmt" count="1"/>
      <line num="49" type="method" name="getAll" visibility="public" complexity="1" crap="1" count="1"/>
      <line num="53" type="stmt" count="1"/>
      <line num="57" type="stmt" count="1"/>
      <line num="58" type="stmt" count="1"/>
      <line num="59" type="stmt" count="1"/>
      <line num="60" type="stmt" count="1"/>
      <line num="61" type="stmt" count="1"/>
      <line num="62" type="stmt" count="1"/>
      <line num="65" type="method" name="get" visibility="public" complexity="1" crap="1" count="1"/>
      <line num="69" type="stmt" count="1"/>
      <line num="71" type="stmt" count="1"/>
      <line num="72" type="stmt" count="1"/>
      <line num="73" type="stmt" count="1"/>
      <line num="75" type="stmt" count="1"/>
      <line num="76" type="stmt" count="1"/>
      <line num="77" type="stmt" count="1"/>
      <line num="78" type="stmt" count="1"/>
      <line num="79" type="stmt" count="1"/>
      <line num="82" type="method" name="update" visibility="public" complexity="1" crap="1" count="1"/>
      <line num="87" type="stmt" count="1"/>
      <line num="88" type="stmt" count="1"/>
      <line num="90" type="stmt" count="1"/>
      <line num="91" type="stmt" count="1"/>
      <line num="92" type="stmt" count="1"/>
      <line num="94" type="stmt" count="1"/>
      <line num="95" type="stmt" count="1"/>
      <line num="96" type="stmt" count="1"/>
      <line num="97" type="stmt" count="1"/>
      <line num="98" type="stmt" count="1"/>
      <line num="99" type="stmt" count="1"/>
      <line num="102" type="method" name="delete" visibility="public" complexity="1" crap="1" count="1"/>
      <line num="106" type="stmt" count="1"/>
      <line num="108" type="stmt" count="1"/>
      <line num="109" type="stmt" count="1"/>
      <line num="110" type="stmt" count="1"/>
      <line num="112" type="stmt" count="1"/>
      <line num="113" type="stmt" count="1"/>
      <line num="114" type="stmt" count="1"/>
      <line num="115" type="stmt" count="1"/>
      <line num="116" type="stmt" count="1"/>
      <line num="119" type="method" name="deleteUser" visibility="public" complexity="1" crap="1" count="1"/>
      <line num="124" type="stmt" count="1"/>
      <line num="126" type="stmt" count="1"/>
      <line num="127" type="stmt" count="1"/>
      <line num="128" type="stmt" count="1"/>
      <line num="130" type="stmt" count="1"/>
      <line num="131" type="stmt" count="1"/>
      <line num="132" type="stmt" count="1"/>
      <line num="134" type="stmt" count="1"/>
      <line num="135" type="stmt" count="1"/>
      <line num="136" type="stmt" count="1"/>
      <line num="137" type="stmt" count="1"/>
      <line num="138" type="stmt" count="1"/>
      <line num="139" type="stmt" count="1"/>
      <metrics loc="142" ncloc="134" classes="1" methods="6" coveredmethods="6" conditionals="0" coveredconditionals="0" statements="63" coveredstatements="63" elements="69" coveredelements="69"/>
    </file>
    <file name="C:\Users\hello\Projects\auth0-PHP\src\API\Management\DeviceCredentials.php">
      <class name="Auth0\SDK\API\Management\DeviceCredentials" namespace="global">
        <metrics complexity="3" methods="3" coveredmethods="3" conditionals="0" coveredconditionals="0" statements="40" coveredstatements="40" elements="43" coveredelements="43"/>
      </class>
      <line num="20" type="method" name="create" visibility="public" complexity="1" crap="1" count="5"/>
      <line num="28" type="stmt" count="5"/>
      <line num="29" type="stmt" count="5"/>
      <line num="31" type="stmt" count="5"/>
      <line num="32" type="stmt" count="5"/>
      <line num="33" type="stmt" count="5"/>
      <line num="34" type="stmt" count="5"/>
      <line num="35" type="stmt" count="5"/>
      <line num="36" type="stmt" count="5"/>
      <line num="40" type="stmt" count="1"/>
      <line num="41" type="stmt" count="1"/>
      <line num="42" type="stmt" count="1"/>
      <line num="43" type="stmt" count="1"/>
      <line num="44" type="stmt" count="1"/>
      <line num="49" type="stmt" count="1"/>
      <line num="51" type="stmt" count="1"/>
      <line num="52" type="stmt" count="1"/>
      <line num="55" type="method" name="get" visibility="public" complexity="1" crap="1" count="1"/>
      <line num="61" type="stmt" count="1"/>
      <line num="63" type="stmt" count="1"/>
      <line num="64" type="stmt" count="1"/>
      <line num="65" type="stmt" count="1"/>
      <line num="66" type="stmt" count="1"/>
      <line num="67" type="stmt" count="1"/>
      <line num="69" type="stmt" count="1"/>
      <line num="71" type="stmt" count="1"/>
      <line num="75" type="stmt" count="1"/>
      <line num="79" type="stmt" count="1"/>
      <line num="80" type="stmt" count="1"/>
      <line num="81" type="stmt" count="1"/>
      <line num="82" type="stmt" count="1"/>
      <line num="83" type="stmt" count="1"/>
      <line num="84" type="stmt" count="1"/>
      <line num="87" type="method" name="delete" visibility="public" complexity="1" crap="1" count="1"/>
      <line num="91" type="stmt" count="1"/>
      <line num="93" type="stmt" count="1"/>
      <line num="94" type="stmt" count="1"/>
      <line num="95" type="stmt" count="1"/>
      <line num="97" type="stmt" count="1"/>
      <line num="98" type="stmt" count="1"/>
      <line num="99" type="stmt" count="1"/>
      <line num="100" type="stmt" count="1"/>
      <line num="101" type="stmt" count="1"/>
      <metrics loc="104" ncloc="96" classes="1" methods="3" coveredmethods="3" conditionals="0" coveredconditionals="0" statements="40" coveredstatements="40" elements="43" coveredelements="43"/>
    </file>
    <file name="C:\Users\hello\Projects\auth0-PHP\src\API\Management\EmailTemplates.php">
      <class name="Auth0\SDK\API\Management\EmailTemplates" namespace="global">
        <metrics complexity="4" methods="4" coveredmethods="4" conditionals="0" coveredconditionals="0" statements="54" coveredstatements="54" elements="58" coveredelements="58"/>
      </class>
      <line num="20" type="method" name="create" visibility="public" complexity="1" crap="1" count="6"/>
      <line num="30" type="stmt" count="6"/>
      <line num="31" type="stmt" count="6"/>
      <line num="33" type="stmt" count="6"/>
      <line num="34" type="stmt" count="6"/>
      <line num="35" type="stmt" count="6"/>
      <line num="36" type="stmt" count="6"/>
      <line num="37" type="stmt" count="6"/>
      <line num="38" type="stmt" count="6"/>
      <line num="39" type="stmt" count="6"/>
      <line num="43" type="stmt" count="1"/>
      <line num="44" type="stmt" count="1"/>
      <line num="45" type="stmt" count="1"/>
      <line num="46" type="stmt" count="1"/>
      <line num="47" type="stmt" count="1"/>
      <line num="54" type="stmt" count="1"/>
      <line num="56" type="stmt" count="1"/>
      <line num="57" type="stmt" count="1"/>
      <line num="60" type="method" name="get" visibility="public" complexity="1" crap="1" count="1"/>
      <line num="64" type="stmt" count="1"/>
      <line num="66" type="stmt" count="1"/>
      <line num="67" type="stmt" count="1"/>
      <line num="68" type="stmt" count="1"/>
      <line num="70" type="stmt" count="1"/>
      <line num="71" type="stmt" count="1"/>
      <line num="72" type="stmt" count="1"/>
      <line num="73" type="stmt" count="1"/>
      <line num="74" type="stmt" count="1"/>
      <line num="77" type="method" name="update" visibility="public" complexity="1" crap="1" count="1"/>
      <line num="82" type="stmt" count="1"/>
      <line num="83" type="stmt" count="1"/>
      <line num="85" type="stmt" count="1"/>
      <line num="86" type="stmt" count="1"/>
      <line num="87" type="stmt" count="1"/>
      <line num="89" type="stmt" count="1"/>
      <line num="90" type="stmt" count="1"/>
      <line num="91" type="stmt" count="1"/>
      <line num="93" type="stmt" count="1"/>
      <line num="94" type="stmt" count="1"/>
      <line num="95" type="stmt" count="1"/>
      <line num="96" type="stmt" count="1"/>
      <line num="97" type="stmt" count="1"/>
      <line num="98" type="stmt" count="1"/>
      <line num="101" type="method" name="patch" visibility="public" complexity="1" crap="1" count="1"/>
      <line num="106" type="stmt" count="1"/>
      <line num="107" type="stmt" count="1"/>
      <line num="109" type="stmt" count="1"/>
      <line num="110" type="stmt" count="1"/>
      <line num="111" type="stmt" count="1"/>
      <line num="113" type="stmt" count="1"/>
      <line num="114" type="stmt" count="1"/>
      <line num="115" type="stmt" count="1"/>
      <line num="117" type="stmt" count="1"/>
      <line num="118" type="stmt" count="1"/>
      <line num="119" type="stmt" count="1"/>
      <line num="120" type="stmt" count="1"/>
      <line num="121" type="stmt" count="1"/>
      <line num="122" type="stmt" count="1"/>
      <metrics loc="125" ncloc="118" classes="1" methods="4" coveredmethods="4" conditionals="0" coveredconditionals="0" statements="54" coveredstatements="54" elements="58" coveredelements="58"/>
    </file>
    <file name="C:\Users\hello\Projects\auth0-PHP\src\API\Management\Emails.php">
      <class name="Auth0\SDK\API\Management\Emails" namespace="global">
        <metrics complexity="4" methods="4" coveredmethods="4" conditionals="0" coveredconditionals="0" statements="44" coveredstatements="44" elements="48" coveredelements="48"/>
      </class>
      <line num="20" type="method" name="createProvider" visibility="public" complexity="1" crap="1" count="3"/>
      <line num="26" type="stmt" count="3"/>
      <line num="27" type="stmt" count="3"/>
      <line num="29" type="stmt" count="3"/>
      <line num="30" type="stmt" count="3"/>
      <line num="31" type="stmt" count="3"/>
      <line num="33" type="stmt" count="2"/>
      <line num="34" type="stmt" count="2"/>
      <line num="35" type="stmt" count="2"/>
      <line num="39" type="stmt" count="1"/>
      <line num="40" type="stmt" count="1"/>
      <line num="41" type="stmt" count="1"/>
      <line num="42" type="stmt" count="1"/>
      <line num="43" type="stmt" count="1"/>
      <line num="45" type="stmt" count="1"/>
      <line num="46" type="stmt" count="1"/>
      <line num="48" type="stmt" count="1"/>
      <line num="49" type="stmt" count="1"/>
      <line num="52" type="method" name="getProvider" visibility="public" complexity="1" crap="1" count="1"/>
      <line num="55" type="stmt" count="1"/>
      <line num="56" type="stmt" count="1"/>
      <line num="57" type="stmt" count="1"/>
      <line num="58" type="stmt" count="1"/>
      <line num="59" type="stmt" count="1"/>
      <line num="62" type="method" name="updateProvider" visibility="public" complexity="1" crap="1" count="1"/>
      <line num="68" type="stmt" count="1"/>
      <line num="69" type="stmt" count="1"/>
      <line num="71" type="stmt" count="1"/>
      <line num="72" type="stmt" count="1"/>
      <line num="73" type="stmt" count="1"/>
      <line num="75" type="stmt" count="1"/>
      <line num="76" type="stmt" count="1"/>
      <line num="77" type="stmt" count="1"/>
      <line num="81" type="stmt" count="1"/>
      <line num="82" type="stmt" count="1"/>
      <line num="83" type="stmt" count="1"/>
      <line num="84" type="stmt" count="1"/>
      <line num="85" type="stmt" count="1"/>
      <line num="87" type="stmt" count="1"/>
      <line num="88" type="stmt" count="1"/>
      <line num="90" type="stmt" count="1"/>
      <line num="91" type="stmt" count="1"/>
      <line num="94" type="method" name="deleteProvider" visibility="public" complexity="1" crap="1" count="1"/>
      <line num="97" type="stmt" count="1"/>
      <line num="98" type="stmt" count="1"/>
      <line num="99" type="stmt" count="1"/>
      <line num="100" type="stmt" count="1"/>
      <line num="101" type="stmt" count="1"/>
      <metrics loc="104" ncloc="96" classes="1" methods="4" coveredmethods="4" conditionals="0" coveredconditionals="0" statements="44" coveredstatements="44" elements="48" coveredelements="48"/>
    </file>
    <file name="C:\Users\hello\Projects\auth0-PHP\src\API\Management\Grants.php">
      <class name="Auth0\SDK\API\Management\Grants" namespace="global">
        <metrics complexity="5" methods="5" coveredmethods="5" conditionals="0" coveredconditionals="0" statements="37" coveredstatements="37" elements="42" coveredelements="42"/>
      </class>
      <line num="20" type="method" name="getAll" visibility="public" complexity="1" crap="1" count="4"/>
      <line num="24" type="stmt" count="4"/>
      <line num="28" type="stmt" count="4"/>
      <line num="29" type="stmt" count="4"/>
      <line num="30" type="stmt" count="4"/>
      <line num="31" type="stmt" count="4"/>
      <line num="32" type="stmt" count="4"/>
      <line num="33" type="stmt" count="4"/>
      <line num="36" type="method" name="getAllByClientId" visibility="public" complexity="1" crap="1" count="1"/>
      <line num="41" type="stmt" count="1"/>
      <line num="42" type="stmt" count="1"/>
      <line num="44" type="stmt" count="1"/>
      <line num="45" type="stmt" count="1"/>
      <line num="46" type="stmt" count="1"/>
      <line num="51" type="stmt" count="1"/>
      <line num="55" type="stmt" count="1"/>
      <line num="58" type="method" name="getAllByAudience" visibility="public" complexity="1" crap="1" count="1"/>
      <line num="63" type="stmt" count="1"/>
      <line num="64" type="stmt" count="1"/>
      <line num="66" type="stmt" count="1"/>
      <line num="67" type="stmt" count="1"/>
      <line num="68" type="stmt" count="1"/>
      <line num="73" type="stmt" count="1"/>
      <line num="77" type="stmt" count="1"/>
      <line num="80" type="method" name="getAllByUserId" visibility="public" complexity="1" crap="1" count="1"/>
      <line num="85" type="stmt" count="1"/>
      <line num="86" type="stmt" count="1"/>
      <line num="88" type="stmt" count="1"/>
      <line num="89" type="stmt" count="1"/>
      <line num="90" type="stmt" count="1"/>
      <line num="95" type="stmt" count="1"/>
      <line num="99" type="stmt" count="1"/>
      <line num="102" type="method" name="delete" visibility="public" complexity="1" crap="1" count="1"/>
      <line num="106" type="stmt" count="1"/>
      <line num="108" type="stmt" count="1"/>
      <line num="109" type="stmt" count="1"/>
      <line num="110" type="stmt" count="1"/>
      <line num="112" type="stmt" count="1"/>
      <line num="113" type="stmt" count="1"/>
      <line num="114" type="stmt" count="1"/>
      <line num="115" type="stmt" count="1"/>
      <line num="116" type="stmt" count="1"/>
      <metrics loc="119" ncloc="106" classes="1" methods="5" coveredmethods="5" conditionals="0" coveredconditionals="0" statements="37" coveredstatements="37" elements="42" coveredelements="42"/>
    </file>
    <file name="C:\Users\hello\Projects\auth0-PHP\src\API\Management\Guardian.php">
      <class name="Auth0\SDK\API\Management\Guardian" namespace="global">
        <metrics complexity="3" methods="3" coveredmethods="3" conditionals="0" coveredconditionals="0" statements="23" coveredstatements="23" elements="26" coveredelements="26"/>
      </class>
      <line num="20" type="method" name="getFactors" visibility="public" complexity="1" crap="1" count="1"/>
      <line num="23" type="stmt" count="1"/>
      <line num="24" type="stmt" count="1"/>
      <line num="25" type="stmt" count="1"/>
      <line num="26" type="stmt" count="1"/>
      <line num="27" type="stmt" count="1"/>
      <line num="30" type="method" name="getEnrollment" visibility="public" complexity="1" crap="1" count="1"/>
      <line num="34" type="stmt" count="1"/>
      <line num="36" type="stmt" count="1"/>
      <line num="37" type="stmt" count="1"/>
      <line num="38" type="stmt" count="1"/>
      <line num="40" type="stmt" count="1"/>
      <line num="41" type="stmt" count="1"/>
      <line num="42" type="stmt" count="1"/>
      <line num="43" type="stmt" count="1"/>
      <line num="44" type="stmt" count="1"/>
      <line num="47" type="method" name="deleteEnrollment" visibility="public" complexity="1" crap="1" count="1"/>
      <line num="51" type="stmt" count="1"/>
      <line num="53" type="stmt" count="1"/>
      <line num="54" type="stmt" count="1"/>
      <line num="55" type="stmt" count="1"/>
      <line num="57" type="stmt" count="1"/>
      <line num="58" type="stmt" count="1"/>
      <line num="59" type="stmt" count="1"/>
      <line num="60" type="stmt" count="1"/>
      <line num="61" type="stmt" count="1"/>
      <metrics loc="64" ncloc="58" classes="1" methods="3" coveredmethods="3" conditionals="0" coveredconditionals="0" statements="23" coveredstatements="23" elements="26" coveredelements="26"/>
    </file>
    <file name="C:\Users\hello\Projects\auth0-PHP\src\API\Management\Jobs.php">
      <class name="Auth0\SDK\API\Management\Jobs" namespace="global">
        <metrics complexity="5" methods="5" coveredmethods="5" conditionals="0" coveredconditionals="0" statements="55" coveredstatements="55" elements="60" coveredelements="60"/>
      </class>
      <line num="20" type="method" name="createImportUsers" visibility="public" complexity="1" crap="1" count="1"/>
      <line num="26" type="stmt" count="1"/>
      <line num="27" type="stmt" count="1"/>
      <line num="29" type="stmt" count="1"/>
      <line num="30" type="stmt" count="1"/>
      <line num="31" type="stmt" count="1"/>
      <line num="32" type="stmt" count="1"/>
      <line num="36" type="stmt" count="1"/>
      <line num="37" type="stmt" count="1"/>
      <line num="38" type="stmt" count="1"/>
      <line num="39" type="stmt" count="1"/>
      <line num="40" type="stmt" count="1"/>
      <line num="41" type="stmt" count="1"/>
      <line num="42" type="stmt" count="1"/>
      <line num="43" type="stmt" count="1"/>
      <line num="46" type="method" name="createExportUsers" visibility="public" complexity="1" crap="1" count="1"/>
      <line num="50" type="stmt" count="1"/>
      <line num="52" type="stmt" count="1"/>
      <line num="53" type="stmt" count="1"/>
      <line num="54" type="stmt" count="1"/>
      <line num="56" type="stmt" count="1"/>
      <line num="57" type="stmt" count="1"/>
      <line num="58" type="stmt" count="1"/>
      <line num="59" type="stmt" count="1"/>
      <line num="60" type="stmt" count="1"/>
      <line num="61" type="stmt" count="1"/>
      <line num="64" type="method" name="createSendVerificationEmail" visibility="public" complexity="1" crap="1" count="1"/>
      <line num="69" type="stmt" count="1"/>
      <line num="70" type="stmt" count="1"/>
      <line num="72" type="stmt" count="1"/>
      <line num="73" type="stmt" count="1"/>
      <line num="74" type="stmt" count="1"/>
      <line num="78" type="stmt" count="1"/>
      <line num="79" type="stmt" count="1"/>
      <line num="80" type="stmt" count="1"/>
      <line num="81" type="stmt" count="1"/>
      <line num="82" type="stmt" count="1"/>
      <line num="84" type="stmt" count="1"/>
      <line num="86" type="stmt" count="1"/>
      <line num="87" type="stmt" count="1"/>
      <line num="90" type="method" name="get" visibility="public" complexity="1" crap="1" count="1"/>
      <line num="94" type="stmt" count="1"/>
      <line num="96" type="stmt" count="1"/>
      <line num="97" type="stmt" count="1"/>
      <line num="98" type="stmt" count="1"/>
      <line num="100" type="stmt" count="1"/>
      <line num="101" type="stmt" count="1"/>
      <line num="102" type="stmt" count="1"/>
      <line num="103" type="stmt" count="1"/>
      <line num="104" type="stmt" count="1"/>
      <line num="107" type="method" name="getErrors" visibility="public" complexity="1" crap="1" count="1"/>
      <line num="111" type="stmt" count="1"/>
      <line num="113" type="stmt" count="1"/>
      <line num="114" type="stmt" count="1"/>
      <line num="115" type="stmt" count="1"/>
      <line num="117" type="stmt" count="1"/>
      <line num="118" type="stmt" count="1"/>
      <line num="119" type="stmt" count="1"/>
      <line num="120" type="stmt" count="1"/>
      <line num="121" type="stmt" count="1"/>
      <metrics loc="124" ncloc="116" classes="1" methods="5" coveredmethods="5" conditionals="0" coveredconditionals="0" statements="55" coveredstatements="55" elements="60" coveredelements="60"/>
    </file>
    <file name="C:\Users\hello\Projects\auth0-PHP\src\API\Management\LogStreams.php">
      <class name="Auth0\SDK\API\Management\LogStreams" namespace="global">
        <metrics complexity="5" methods="5" coveredmethods="5" conditionals="0" coveredconditionals="0" statements="55" coveredstatements="55" elements="60" coveredelements="60"/>
      </class>
      <line num="20" type="method" name="create" visibility="public" complexity="1" crap="1" count="1"/>
      <line num="26" type="stmt" count="1"/>
      <line num="27" type="stmt" count="1"/>
      <line num="29" type="stmt" count="1"/>
      <line num="30" type="stmt" count="1"/>
      <line num="31" type="stmt" count="1"/>
      <line num="33" type="stmt" count="1"/>
      <line num="34" type="stmt" count="1"/>
      <line num="35" type="stmt" count="1"/>
      <line num="37" type="stmt" count="1"/>
      <line num="38" type="stmt" count="1"/>
      <line num="39" type="stmt" count="1"/>
      <line num="40" type="stmt" count="1"/>
      <line num="41" type="stmt" count="1"/>
      <line num="43" type="stmt" count="1"/>
      <line num="44" type="stmt" count="1"/>
      <line num="47" type="stmt" count="1"/>
      <line num="49" type="stmt" count="1"/>
      <line num="50" type="stmt" count="1"/>
      <line num="53" type="method" name="getAll" visibility="public" complexity="1" crap="1" count="2"/>
      <line num="56" type="stmt" count="2"/>
      <line num="57" type="stmt" count="2"/>
      <line num="58" type="stmt" count="2"/>
      <line num="59" type="stmt" count="2"/>
      <line num="60" type="stmt" count="2"/>
      <line num="63" type="method" name="get" visibility="public" complexity="1" crap="1" count="1"/>
      <line num="67" type="stmt" count="1"/>
      <line num="69" type="stmt" count="1"/>
      <line num="70" type="stmt" count="1"/>
      <line num="71" type="stmt" count="1"/>
      <line num="73" type="stmt" count="1"/>
      <line num="74" type="stmt" count="1"/>
      <line num="75" type="stmt" count="1"/>
      <line num="76" type="stmt" count="1"/>
      <line num="77" type="stmt" count="1"/>
      <line num="80" type="method" name="update" visibility="public" complexity="1" crap="1" count="1"/>
      <line num="85" type="stmt" count="1"/>
      <line num="86" type="stmt" count="1"/>
      <line num="88" type="stmt" count="1"/>
      <line num="89" type="stmt" count="1"/>
      <line num="90" type="stmt" count="1"/>
      <line num="92" type="stmt" count="1"/>
      <line num="93" type="stmt" count="1"/>
      <line num="94" type="stmt" count="1"/>
      <line num="96" type="stmt" count="1"/>
      <line num="97" type="stmt" count="1"/>
      <line num="98" type="stmt" count="1"/>
      <line num="99" type="stmt" count="1"/>
      <line num="100" type="stmt" count="1"/>
      <line num="101" type="stmt" count="1"/>
      <line num="104" type="method" name="delete" visibility="public" complexity="1" crap="1" count="1"/>
      <line num="108" type="stmt" count="1"/>
      <line num="110" type="stmt" count="1"/>
      <line num="111" type="stmt" count="1"/>
      <line num="112" type="stmt" count="1"/>
      <line num="114" type="stmt" count="1"/>
      <line num="115" type="stmt" count="1"/>
      <line num="116" type="stmt" count="1"/>
      <line num="117" type="stmt" count="1"/>
      <line num="118" type="stmt" count="1"/>
      <metrics loc="121" ncloc="115" classes="1" methods="5" coveredmethods="5" conditionals="0" coveredconditionals="0" statements="55" coveredstatements="55" elements="60" coveredelements="60"/>
    </file>
    <file name="C:\Users\hello\Projects\auth0-PHP\src\API\Management\Logs.php">
      <class name="Auth0\SDK\API\Management\Logs" namespace="global">
        <metrics complexity="2" methods="2" coveredmethods="2" conditionals="0" coveredconditionals="0" statements="16" coveredstatements="16" elements="18" coveredelements="18"/>
      </class>
      <line num="20" type="method" name="getAll" visibility="public" complexity="1" crap="1" count="1"/>
      <line num="24" type="stmt" count="1"/>
      <line num="28" type="stmt" count="1"/>
      <line num="29" type="stmt" count="1"/>
      <line num="30" type="stmt" count="1"/>
      <line num="31" type="stmt" count="1"/>
      <line num="32" type="stmt" count="1"/>
      <line num="33" type="stmt" count="1"/>
      <line num="36" type="method" name="get" visibility="public" complexity="1" crap="1" count="1"/>
      <line num="40" type="stmt" count="1"/>
      <line num="42" type="stmt" count="1"/>
      <line num="43" type="stmt" count="1"/>
      <line num="44" type="stmt" count="1"/>
      <line num="46" type="stmt" count="1"/>
      <line num="47" type="stmt" count="1"/>
      <line num="48" type="stmt" count="1"/>
      <line num="49" type="stmt" count="1"/>
      <line num="50" type="stmt" count="1"/>
      <metrics loc="53" ncloc="46" classes="1" methods="2" coveredmethods="2" conditionals="0" coveredconditionals="0" statements="16" coveredstatements="16" elements="18" coveredelements="18"/>
    </file>
    <file name="C:\Users\hello\Projects\auth0-PHP\src\API\Management\ManagementEndpoint.php">
      <class name="Auth0\SDK\API\Management\ManagementEndpoint" namespace="global">
        <metrics complexity="4" methods="4" coveredmethods="4" conditionals="0" coveredconditionals="0" statements="4" coveredstatements="4" elements="8" coveredelements="8"/>
      </class>
      <line num="27" type="method" name="__construct" visibility="public" complexity="1" crap="1" count="259"/>
      <line num="30" type="stmt" count="259"/>
      <line num="36" type="method" name="getHttpClient" visibility="public" complexity="1" crap="1" count="164"/>
      <line num="38" type="stmt" count="164"/>
      <line num="44" type="method" name="getLastRequest" visibility="public" complexity="1" crap="1" count="2"/>
      <line num="46" type="stmt" count="2"/>
      <line num="52" type="method" name="getResponsePaginator" visibility="public" complexity="1" crap="1" count="2"/>
      <line num="54" type="stmt" count="2"/>
      <metrics loc="57" ncloc="36" classes="1" methods="4" coveredmethods="4" conditionals="0" coveredconditionals="0" statements="4" coveredstatements="4" elements="8" coveredelements="8"/>
    </file>
    <file name="C:\Users\hello\Projects\auth0-PHP\src\API\Management\Organizations.php">
      <class name="Auth0\SDK\API\Management\Organizations" namespace="global">
        <metrics complexity="23" methods="21" coveredmethods="21" conditionals="0" coveredconditionals="0" statements="254" coveredstatements="254" elements="275" coveredelements="275"/>
      </class>
      <line num="20" type="method" name="create" visibility="public" complexity="1" crap="1" count="3"/>
      <line num="28" type="stmt" count="3"/>
      <line num="29" type="stmt" count="3"/>
      <line num="30" type="stmt" count="3"/>
      <line num="32" type="stmt" count="3"/>
      <line num="33" type="stmt" count="3"/>
      <line num="34" type="stmt" count="3"/>
      <line num="35" type="stmt" count="3"/>
      <line num="39" type="stmt" count="1"/>
      <line num="40" type="stmt" count="1"/>
      <line num="41" type="stmt" count="1"/>
      <line num="42" type="stmt" count="1"/>
      <line num="43" type="stmt" count="1"/>
      <line num="48" type="stmt" count="1"/>
      <line num="50" type="stmt" count="1"/>
      <line num="51" type="stmt" count="1"/>
      <line num="54" type="method" name="getAll" visibility="public" complexity="1" crap="1" count="3"/>
      <line num="57" type="stmt" count="3"/>
      <line num="58" type="stmt" count="3"/>
      <line num="59" type="stmt" count="3"/>
      <line num="60" type="stmt" count="3"/>
      <line num="61" type="stmt" count="3"/>
      <line num="64" type="method" name="get" visibility="public" complexity="1" crap="1" count="2"/>
      <line num="68" type="stmt" count="2"/>
      <line num="70" type="stmt" count="2"/>
      <line num="71" type="stmt" count="2"/>
      <line num="72" type="stmt" count="2"/>
      <line num="74" type="stmt" count="1"/>
      <line num="75" type="stmt" count="1"/>
      <line num="76" type="stmt" count="1"/>
      <line num="77" type="stmt" count="1"/>
      <line num="78" type="stmt" count="1"/>
      <line num="81" type="method" name="getByName" visibility="public" complexity="1" crap="1" count="2"/>
      <line num="85" type="stmt" count="2"/>
      <line num="87" type="stmt" count="2"/>
      <line num="88" type="stmt" count="2"/>
      <line num="89" type="stmt" count="2"/>
      <line num="91" type="stmt" count="1"/>
      <line num="92" type="stmt" count="1"/>
      <line num="93" type="stmt" count="1"/>
      <line num="94" type="stmt" count="1"/>
      <line num="95" type="stmt" count="1"/>
      <line num="98" type="method" name="update" visibility="public" complexity="1" crap="1" count="3"/>
      <line num="107" type="stmt" count="3"/>
      <line num="108" type="stmt" count="3"/>
      <line num="109" type="stmt" count="3"/>
      <line num="111" type="stmt" count="3"/>
      <line num="112" type="stmt" count="3"/>
      <line num="113" type="stmt" count="3"/>
      <line num="114" type="stmt" count="3"/>
      <line num="118" type="stmt" count="1"/>
      <line num="119" type="stmt" count="1"/>
      <line num="120" type="stmt" count="1"/>
      <line num="121" type="stmt" count="1"/>
      <line num="122" type="stmt" count="1"/>
      <line num="127" type="stmt" count="1"/>
      <line num="129" type="stmt" count="1"/>
      <line num="130" type="stmt" count="1"/>
      <line num="133" type="method" name="delete" visibility="public" complexity="1" crap="1" count="2"/>
      <line num="137" type="stmt" count="2"/>
      <line num="139" type="stmt" count="2"/>
      <line num="140" type="stmt" count="2"/>
      <line num="141" type="stmt" count="2"/>
      <line num="143" type="stmt" count="1"/>
      <line num="144" type="stmt" count="1"/>
      <line num="145" type="stmt" count="1"/>
      <line num="146" type="stmt" count="1"/>
      <line num="147" type="stmt" count="1"/>
      <line num="150" type="method" name="addEnabledConnection" visibility="public" complexity="1" crap="1" count="3"/>
      <line num="156" type="stmt" count="3"/>
      <line num="157" type="stmt" count="3"/>
      <line num="159" type="stmt" count="3"/>
      <line num="160" type="stmt" count="3"/>
      <line num="161" type="stmt" count="3"/>
      <line num="162" type="stmt" count="3"/>
      <line num="164" type="stmt" count="1"/>
      <line num="165" type="stmt" count="1"/>
      <line num="166" type="stmt" count="1"/>
      <line num="170" type="stmt" count="1"/>
      <line num="171" type="stmt" count="1"/>
      <line num="172" type="stmt" count="1"/>
      <line num="173" type="stmt" count="1"/>
      <line num="174" type="stmt" count="1"/>
      <line num="176" type="stmt" count="1"/>
      <line num="178" type="stmt" count="1"/>
      <line num="179" type="stmt" count="1"/>
      <line num="182" type="method" name="getEnabledConnections" visibility="public" complexity="1" crap="1" count="2"/>
      <line num="186" type="stmt" count="2"/>
      <line num="188" type="stmt" count="2"/>
      <line num="189" type="stmt" count="2"/>
      <line num="190" type="stmt" count="2"/>
      <line num="192" type="stmt" count="1"/>
      <line num="193" type="stmt" count="1"/>
      <line num="194" type="stmt" count="1"/>
      <line num="195" type="stmt" count="1"/>
      <line num="196" type="stmt" count="1"/>
      <line num="199" type="method" name="getEnabledConnection" visibility="public" complexity="1" crap="1" count="3"/>
      <line num="204" type="stmt" count="3"/>
      <line num="206" type="stmt" count="3"/>
      <line num="207" type="stmt" count="3"/>
      <line num="208" type="stmt" count="3"/>
      <line num="209" type="stmt" count="3"/>
      <line num="211" type="stmt" count="1"/>
      <line num="212" type="stmt" count="1"/>
      <line num="213" type="stmt" count="1"/>
      <line num="214" type="stmt" count="1"/>
      <line num="215" type="stmt" count="1"/>
      <line num="218" type="method" name="updateEnabledConnection" visibility="public" complexity="1" crap="1" count="3"/>
      <line num="224" type="stmt" count="3"/>
      <line num="225" type="stmt" count="3"/>
      <line num="227" type="stmt" count="3"/>
      <line num="228" type="stmt" count="3"/>
      <line num="229" type="stmt" count="3"/>
      <line num="230" type="stmt" count="3"/>
      <line num="232" type="stmt" count="1"/>
      <line num="233" type="stmt" count="1"/>
      <line num="234" type="stmt" count="1"/>
      <line num="235" type="stmt" count="1"/>
      <line num="236" type="stmt" count="1"/>
      <line num="237" type="stmt" count="1"/>
      <line num="240" type="method" name="removeEnabledConnection" visibility="public" complexity="1" crap="1" count="3"/>
      <line num="245" type="stmt" count="3"/>
      <line num="247" type="stmt" count="3"/>
      <line num="248" type="stmt" count="3"/>
      <line num="249" type="stmt" count="3"/>
      <line num="250" type="stmt" count="3"/>
      <line num="252" type="stmt" count="1"/>
      <line num="253" type="stmt" count="1"/>
      <line num="254" type="stmt" count="1"/>
      <line num="255" type="stmt" count="1"/>
      <line num="256" type="stmt" count="1"/>
      <line num="259" type="method" name="addMembers" visibility="public" complexity="1" crap="1" count="3"/>
      <line num="264" type="stmt" count="3"/>
      <line num="265" type="stmt" count="3"/>
      <line num="267" type="stmt" count="3"/>
      <line num="268" type="stmt" count="3"/>
      <line num="269" type="stmt" count="3"/>
      <line num="271" type="stmt" count="2"/>
      <line num="272" type="stmt" count="2"/>
      <line num="273" type="stmt" count="2"/>
      <line num="275" type="stmt" count="1"/>
      <line num="276" type="stmt" count="1"/>
      <line num="277" type="stmt" count="1"/>
      <line num="278" type="stmt" count="1"/>
      <line num="280" type="stmt" count="1"/>
      <line num="283" type="stmt" count="1"/>
      <line num="284" type="stmt" count="1"/>
      <line num="287" type="method" name="getMembers" visibility="public" complexity="1" crap="1" count="3"/>
      <line num="291" type="stmt" count="3"/>
      <line num="293" type="stmt" count="3"/>
      <line num="294" type="stmt" count="3"/>
      <line num="295" type="stmt" count="3"/>
      <line num="297" type="stmt" count="2"/>
      <line num="298" type="stmt" count="2"/>
      <line num="299" type="stmt" count="2"/>
      <line num="300" type="stmt" count="2"/>
      <line num="301" type="stmt" count="2"/>
      <line num="304" type="method" name="removeMembers" visibility="public" complexity="1" crap="1" count="3"/>
      <line num="309" type="stmt" count="3"/>
      <line num="310" type="stmt" count="3"/>
      <line num="312" type="stmt" count="3"/>
      <line num="313" type="stmt" count="3"/>
      <line num="314" type="stmt" count="3"/>
      <line num="316" type="stmt" count="2"/>
      <line num="317" type="stmt" count="2"/>
      <line num="318" type="stmt" count="2"/>
      <line num="320" type="stmt" count="1"/>
      <line num="321" type="stmt" count="1"/>
      <line num="322" type="stmt" count="1"/>
      <line num="323" type="stmt" count="1"/>
      <line num="325" type="stmt" count="1"/>
      <line num="328" type="stmt" count="1"/>
      <line num="329" type="stmt" count="1"/>
      <line num="332" type="method" name="addMemberRoles" visibility="public" complexity="1" crap="1" count="4"/>
      <line num="338" type="stmt" count="4"/>
      <line num="339" type="stmt" count="4"/>
      <line num="341" type="stmt" count="4"/>
      <line num="342" type="stmt" count="4"/>
      <line num="343" type="stmt" count="4"/>
      <line num="344" type="stmt" count="4"/>
      <line num="346" type="stmt" count="2"/>
      <line num="347" type="stmt" count="2"/>
      <line num="348" type="stmt" count="2"/>
      <line num="350" type="stmt" count="1"/>
      <line num="351" type="stmt" count="1"/>
      <line num="352" type="stmt" count="1"/>
      <line num="353" type="stmt" count="1"/>
      <line num="355" type="stmt" count="1"/>
      <line num="358" type="stmt" count="1"/>
      <line num="359" type="stmt" count="1"/>
      <line num="362" type="method" name="getMemberRoles" visibility="public" complexity="1" crap="1" count="3"/>
      <line num="367" type="stmt" count="3"/>
      <line num="369" type="stmt" count="3"/>
      <line num="370" type="stmt" count="3"/>
      <line num="371" type="stmt" count="3"/>
      <line num="372" type="stmt" count="3"/>
      <line num="374" type="stmt" count="1"/>
      <line num="375" type="stmt" count="1"/>
      <line num="376" type="stmt" count="1"/>
      <line num="377" type="stmt" count="1"/>
      <line num="378" type="stmt" count="1"/>
      <line num="381" type="method" name="removeMemberRoles" visibility="public" complexity="1" crap="1" count="4"/>
      <line num="387" type="stmt" count="4"/>
      <line num="388" type="stmt" count="4"/>
      <line num="390" type="stmt" count="4"/>
      <line num="391" type="stmt" count="4"/>
      <line num="392" type="stmt" count="4"/>
      <line num="393" type="stmt" count="4"/>
      <line num="395" type="stmt" count="2"/>
      <line num="396" type="stmt" count="2"/>
      <line num="397" type="stmt" count="2"/>
      <line num="399" type="stmt" count="1"/>
      <line num="400" type="stmt" count="1"/>
      <line num="401" type="stmt" count="1"/>
      <line num="402" type="stmt" count="1"/>
      <line num="404" type="stmt" count="1"/>
      <line num="407" type="stmt" count="1"/>
      <line num="408" type="stmt" count="1"/>
      <line num="411" type="method" name="createInvitation" visibility="public" complexity="3" crap="3" count="7"/>
      <line num="419" type="stmt" count="7"/>
      <line num="420" type="stmt" count="7"/>
      <line num="425" type="stmt" count="7"/>
      <line num="426" type="stmt" count="7"/>
      <line num="427" type="stmt" count="7"/>
      <line num="428" type="stmt" count="7"/>
      <line num="430" type="stmt" count="5"/>
      <line num="431" type="stmt" count="5"/>
      <line num="432" type="stmt" count="5"/>
      <line num="433" type="stmt" count="5"/>
      <line num="435" type="stmt" count="3"/>
      <line num="436" type="stmt" count="1"/>
      <line num="439" type="stmt" count="2"/>
      <line num="440" type="stmt" count="1"/>
      <line num="445" type="stmt" count="1"/>
      <line num="446" type="stmt" count="1"/>
      <line num="447" type="stmt" count="1"/>
      <line num="448" type="stmt" count="1"/>
      <line num="449" type="stmt" count="1"/>
      <line num="451" type="stmt" count="1"/>
      <line num="452" type="stmt" count="1"/>
[...]
      <class name="Auth0\SDK\Utility\Request\FilteredRequest" namespace="global">
        <metrics complexity="11" methods="7" coveredmethods="7" conditionals="0" coveredconditionals="0" statements="16" coveredstatements="16" elements="23" coveredelements="23"/>
      </class>
      <line num="30" type="method" name="__construct" visibility="public" complexity="1" crap="1" count="227"/>
      <line num="34" type="stmt" count="227"/>
      <line num="35" type="stmt" count="227"/>
      <line num="43" type="method" name="setFields" visibility="public" complexity="1" crap="1" count="3"/>
      <line num="46" type="stmt" count="3"/>
      <line num="48" type="stmt" count="3"/>
      <line num="54" type="method" name="clearFields" visibility="public" complexity="1" crap="1" count="1"/>
      <line num="56" type="stmt" count="1"/>
      <line num="58" type="stmt" count="1"/>
      <line num="66" type="method" name="getFields" visibility="public" complexity="1" crap="1" count="2"/>
      <line num="68" type="stmt" count="2"/>
      <line num="76" type="method" name="setIncludeFields" visibility="public" complexity="1" crap="1" count="2"/>
      <line num="79" type="stmt" count="2"/>
      <line num="81" type="stmt" count="2"/>
      <line num="87" type="method" name="getIncludeFields" visibility="public" complexity="1" crap="1" count="1"/>
      <line num="89" type="stmt" count="1"/>
      <line num="97" type="method" name="build" visibility="public" complexity="5" crap="5" count="3"/>
      <line num="99" type="stmt" count="3"/>
      <line num="101" type="stmt" count="3"/>
      <line num="102" type="stmt" count="2"/>
      <line num="104" type="stmt" count="2"/>
      <line num="105" type="stmt" count="2"/>
      <line num="109" type="stmt" count="3"/>
      <metrics loc="112" ncloc="69" classes="1" methods="7" coveredmethods="7" conditionals="0" coveredconditionals="0" statements="16" coveredstatements="16" elements="23" coveredelements="23"/>
    </file>
    <file name="C:\Users\hello\Projects\auth0-PHP\src\Utility\Request\PaginatedRequest.php">
      <class name="Auth0\SDK\Utility\Request\PaginatedRequest" namespace="global">
        <metrics complexity="21" methods="12" coveredmethods="12" conditionals="0" coveredconditionals="0" statements="32" coveredstatements="32" elements="44" coveredelements="44"/>
      </class>
      <line num="44" type="method" name="__construct" visibility="public" complexity="1" crap="1" count="244"/>
      <line num="50" type="stmt" count="244"/>
      <line num="51" type="stmt" count="244"/>
      <line num="52" type="stmt" count="244"/>
      <line num="53" type="stmt" count="244"/>
      <line num="61" type="method" name="setPage" visibility="public" complexity="1" crap="1" count="2"/>
      <line num="64" type="stmt" count="2"/>
      <line num="66" type="stmt" count="2"/>
      <line num="72" type="method" name="getPage" visibility="public" complexity="1" crap="1" count="1"/>
      <line num="74" type="stmt" count="1"/>
      <line num="82" type="method" name="setPerPage" visibility="public" complexity="1" crap="1" count="2"/>
      <line num="85" type="stmt" count="2"/>
      <line num="87" type="stmt" count="2"/>
      <line num="93" type="method" name="getPerPage" visibility="public" complexity="1" crap="1" count="1"/>
      <line num="95" type="stmt" count="1"/>
      <line num="103" type="method" name="setFrom" visibility="public" complexity="1" crap="1" count="2"/>
      <line num="106" type="stmt" count="2"/>
      <line num="108" type="stmt" count="2"/>
      <line num="114" type="method" name="getFrom" visibility="public" complexity="1" crap="1" count="1"/>
      <line num="116" type="stmt" count="1"/>
      <line num="124" type="method" name="setTake" visibility="public" complexity="1" crap="1" count="5"/>
      <line num="127" type="stmt" count="5"/>
      <line num="129" type="stmt" count="5"/>
      <line num="135" type="method" name="getTake" visibility="public" complexity="1" crap="1" count="1"/>
      <line num="137" type="stmt" count="1"/>
      <line num="145" type="method" name="setIncludeTotals" visibility="public" complexity="1" crap="1" count="2"/>
      <line num="148" type="stmt" count="2"/>
      <line num="150" type="stmt" count="2"/>
      <line num="156" type="method" name="getIncludeTotals" visibility="public" complexity="1" crap="1" count="1"/>
      <line num="158" type="stmt" count="1"/>
      <line num="166" type="method" name="build" visibility="public" complexity="10" crap="10" count="13"/>
      <line num="168" type="stmt" count="13"/>
      <line num="171" type="stmt" count="13"/>
      <line num="172" type="stmt" count="4"/>
      <line num="176" type="stmt" count="13"/>
      <line num="177" type="stmt" count="2"/>
      <line num="180" type="stmt" count="2"/>
      <line num="181" type="stmt" count="1"/>
      <line num="186" type="stmt" count="13"/>
      <line num="187" type="stmt" count="7"/>
      <line num="188" type="stmt" count="7"/>
      <line num="190" type="stmt" count="7"/>
      <line num="191" type="stmt" count="7"/>
      <line num="195" type="stmt" count="13"/>
      <metrics loc="198" ncloc="124" classes="1" methods="12" coveredmethods="12" conditionals="0" coveredconditionals="0" statements="32" coveredstatements="32" elements="44" coveredelements="44"/>
    </file>
    <file name="C:\Users\hello\Projects\auth0-PHP\src\Utility\Request\RequestOptions.php">
      <class name="Auth0\SDK\Utility\Request\RequestOptions" namespace="global">
        <metrics complexity="8" methods="6" coveredmethods="6" conditionals="0" coveredconditionals="0" statements="14" coveredstatements="14" elements="20" coveredelements="20"/>
      </class>
      <line num="28" type="method" name="__construct" visibility="public" complexity="1" crap="1" count="238"/>
      <line num="32" type="stmt" count="238"/>
      <line num="33" type="stmt" count="238"/>
      <line num="41" type="method" name="setFields" visibility="public" complexity="1" crap="1" count="1"/>
      <line num="44" type="stmt" count="1"/>
      <line num="45" type="stmt" count="1"/>
      <line num="51" type="method" name="getFields" visibility="public" complexity="1" crap="1" count="1"/>
      <line num="53" type="stmt" count="1"/>
      <line num="61" type="method" name="setPagination" visibility="public" complexity="1" crap="1" count="1"/>
      <line num="64" type="stmt" count="1"/>
      <line num="65" type="stmt" count="1"/>
      <line num="71" type="method" name="getPagination" visibility="public" complexity="1" crap="1" count="1"/>
      <line num="73" type="stmt" count="1"/>
      <line num="81" type="method" name="build" visibility="public" complexity="3" crap="3" count="11"/>
      <line num="83" type="stmt" count="11"/>
      <line num="85" type="stmt" count="11"/>
      <line num="86" type="stmt" count="2"/>
      <line num="89" type="stmt" count="11"/>
      <line num="90" type="stmt" count="11"/>
      <line num="93" type="stmt" count="11"/>
      <metrics loc="96" ncloc="60" classes="1" methods="6" coveredmethods="6" conditionals="0" coveredconditionals="0" statements="14" coveredstatements="14" elements="20" coveredelements="20"/>
    </file>
    <file name="C:\Users\hello\Projects\auth0-PHP\src\Utility\Toolkit.php">
      <class name="Auth0\SDK\Utility\Toolkit" namespace="global">
        <metrics complexity="19" methods="7" coveredmethods="7" conditionals="0" coveredconditionals="0" statements="27" coveredstatements="27" elements="34" coveredelements="34"/>
      </class>
      <line num="20" type="method" name="assert" visibility="public" complexity="1" crap="1" count="463"/>
      <line num="23" type="stmt" count="463"/>
      <line num="31" type="method" name="filter" visibility="public" complexity="1" crap="1" count="470"/>
      <line num="34" type="stmt" count="470"/>
      <line num="43" type="method" name="times" visibility="public" complexity="2" crap="2" count="1"/>
      <line num="47" type="stmt" count="1"/>
      <line num="48" type="stmt" count="1"/>
      <line num="58" type="method" name="each" visibility="public" complexity="3" crap="3" count="2"/>
      <line num="62" type="stmt" count="2"/>
      <line num="63" type="stmt" count="2"/>
      <line num="64" type="stmt" count="1"/>
      <line num="76" type="method" name="merge" visibility="public" complexity="5" crap="5" count="61"/>
      <line num="79" type="stmt" count="61"/>
      <line num="81" type="stmt" count="61"/>
      <line num="82" type="stmt" count="61"/>
      <line num="84" type="stmt" count="61"/>
      <line num="86" type="stmt" count="61"/>
      <line num="87" type="stmt" count="61"/>
      <line num="93" type="stmt" count="61"/>
      <line num="94" type="stmt" count="61"/>
      <line num="105" type="method" name="every" visibility="public" complexity="4" crap="4" count="3"/>
      <line num="109" type="stmt" count="3"/>
      <line num="110" type="stmt" count="3"/>
      <line num="111" type="stmt" count="2"/>
      <line num="112" type="stmt" count="1"/>
      <line num="115" type="stmt" count="1"/>
      <line num="119" type="stmt" count="1"/>
      <line num="132" type="method" name="some" visibility="public" complexity="3" crap="3" count="33"/>
      <line num="137" type="stmt" count="33"/>
      <line num="140" type="stmt" count="33"/>
      <line num="141" type="stmt" count="2"/>
      <line num="142" type="stmt" count="1"/>
      <line num="145" type="stmt" count="1"/>
      <line num="149" type="stmt" count="31"/>
      <metrics loc="152" ncloc="96" classes="1" methods="7" coveredmethods="7" conditionals="0" coveredconditionals="0" statements="27" coveredstatements="27" elements="34" coveredelements="34"/>
    </file>
    <file name="C:\Users\hello\Projects\auth0-PHP\src\Utility\Toolkit\Assert.php">
      <class name="Auth0\SDK\Utility\Toolkit\Assert" namespace="global">
        <metrics complexity="19" methods="5" coveredmethods="5" conditionals="0" coveredconditionals="0" statements="24" coveredstatements="24" elements="29" coveredelements="29"/>
      </class>
      <line num="24" type="method" name="__construct" visibility="public" complexity="1" crap="1" count="463"/>
      <line num="27" type="stmt" count="463"/>
      <line num="35" type="method" name="isPermissions" visibility="public" complexity="7" crap="7" count="8"/>
      <line num="37" type="stmt" count="8"/>
      <line num="38" type="stmt" count="8"/>
      <line num="39" type="stmt" count="1"/>
      <line num="42" type="stmt" count="7"/>
      <line num="43" type="stmt" count="1"/>
      <line num="46" type="stmt" count="6"/>
      <line num="47" type="stmt" count="6"/>
      <line num="48" type="stmt" count="1"/>
      <line num="51" type="stmt" count="6"/>
      <line num="52" type="stmt" count="1"/>
      <line num="63" type="method" name="isString" visibility="public" complexity="4" crap="4" count="456"/>
      <line num="65" type="stmt" count="456"/>
      <line num="66" type="stmt" count="456"/>
      <line num="67" type="stmt" count="59"/>
      <line num="70" type="stmt" count="455"/>
      <line num="71" type="stmt" count="1"/>
      <line num="81" type="method" name="isEmail" visibility="public" complexity="3" crap="3" count="6"/>
      <line num="83" type="stmt" count="6"/>
      <line num="84" type="stmt" count="6"/>
      <line num="85" type="stmt" count="2"/>
      <line num="95" type="method" name="isArray" visibility="public" complexity="4" crap="4" count="51"/>
      <line num="97" type="stmt" count="51"/>
      <line num="98" type="stmt" count="51"/>
      <line num="99" type="stmt" count="1"/>
      <line num="102" type="stmt" count="50"/>
      <line num="103" type="stmt" count="15"/>
      <metrics loc="108" ncloc="75" classes="1" methods="5" coveredmethods="5" conditionals="0" coveredconditionals="0" statements="24" coveredstatements="24" elements="29" coveredelements="29"/>
    </file>
    <file name="C:\Users\hello\Projects\auth0-PHP\src\Utility\Toolkit\Filter.php">
      <class name="Auth0\SDK\Utility\Toolkit\Filter" namespace="global">
        <metrics complexity="3" methods="3" coveredmethods="3" conditionals="0" coveredconditionals="0" statements="5" coveredstatements="5" elements="8" coveredelements="8"/>
      </class>
      <line num="27" type="method" name="__construct" visibility="public" complexity="1" crap="1" count="470"/>
      <line num="30" type="stmt" count="470"/>
      <line num="36" type="method" name="array" visibility="public" complexity="1" crap="1" count="285"/>
      <line num="39" type="stmt" count="285"/>
      <line num="41" type="stmt" count="285"/>
      <line num="47" type="method" name="string" visibility="public" complexity="1" crap="1" count="454"/>
      <line num="50" type="stmt" count="454"/>
      <line num="52" type="stmt" count="454"/>
      <metrics loc="55" ncloc="34" classes="1" methods="3" coveredmethods="3" conditionals="0" coveredconditionals="0" statements="5" coveredstatements="5" elements="8" coveredelements="8"/>
    </file>
    <file name="C:\Users\hello\Projects\auth0-PHP\src\Utility\Toolkit\Filter\ArrayFilter.php">
      <class name="Auth0\SDK\Utility\Toolkit\Filter\ArrayFilter" namespace="global">
        <metrics complexity="23" methods="6" coveredmethods="6" conditionals="0" coveredconditionals="0" statements="45" coveredstatements="45" elements="51" coveredelements="51"/>
      </class>
      <line num="26" type="method" name="__construct" visibility="public" complexity="1" crap="1" count="285"/>
      <line num="29" type="stmt" count="285"/>
      <line num="37" type="method" name="empty" visibility="public" complexity="3" crap="3" count="1"/>
      <line num="39" type="stmt" count="1"/>
      <line num="41" type="stmt" count="1"/>
      <line num="42" type="stmt" count="1"/>
      <line num="43" type="stmt" count="1"/>
      <line num="44" type="stmt" count="1"/>
      <line num="47" type="stmt" count="1"/>
      <line num="50" type="stmt" count="1"/>
      <line num="58" type="method" name="object" visibility="public" complexity="3" crap="3" count="6"/>
      <line num="60" type="stmt" count="6"/>
      <line num="62" type="stmt" count="6"/>
      <line num="63" type="stmt" count="6"/>
      <line num="64" type="stmt" count="4"/>
      <line num="65" type="stmt" count="4"/>
      <line num="68" type="stmt" count="2"/>
      <line num="71" type="stmt" count="6"/>
      <line num="79" type="method" name="trim" visibility="public" complexity="5" crap="5" count="284"/>
      <line num="81" type="stmt" count="284"/>
      <line num="83" type="stmt" count="284"/>
      <line num="85" type="stmt" count="284"/>
      <line num="86" type="stmt" count="95"/>
      <line num="87" type="stmt" count="95"/>
      <line num="90" type="stmt" count="243"/>
      <line num="91" type="stmt" count="240"/>
      <line num="92" type="stmt" count="232"/>
      <line num="95" type="stmt" count="218"/>
      <line num="96" type="stmt" count="243"/>
      <line num="99" type="stmt" count="284"/>
      <line num="111" type="method" name="first" visibility="public" complexity="5" crap="5" count="30"/>
      <line num="114" type="stmt" count="30"/>
      <line num="116" type="stmt" count="30"/>
      <line num="119" type="stmt" count="30"/>
      <line num="120" type="stmt" count="1"/>
      <line num="123" type="stmt" count="30"/>
      <line num="125" type="stmt" count="30"/>
      <line num="126" type="stmt" count="30"/>
      <line num="127" type="stmt" count="30"/>
      <line num="131" type="stmt" count="30"/>
      <line num="139" type="method" name="permissions" visibility="public" complexity="6" crap="6" count="4"/>
      <line num="141" type="stmt" count="4"/>
      <line num="143" type="stmt" count="4"/>
      <line num="144" type="stmt" count="4"/>
      <line num="146" type="stmt" count="4"/>
      <line num="147" type="stmt" count="4"/>
      <line num="149" type="stmt" count="4"/>
      <line num="151" type="stmt" count="4"/>
      <line num="152" type="stmt" count="4"/>
      <line num="157" type="stmt" count="4"/>
      <line num="160" type="stmt" count="4"/>
      <metrics loc="163" ncloc="118" classes="1" methods="6" coveredmethods="6" conditionals="0" coveredconditionals="0" statements="45" coveredstatements="45" elements="51" coveredelements="51"/>
    </file>
    <file name="C:\Users\hello\Projects\auth0-PHP\src\Utility\Toolkit\Filter\StringFilter.php">
      <class name="Auth0\SDK\Utility\Toolkit\Filter\StringFilter" namespace="global">
        <metrics complexity="5" methods="2" coveredmethods="2" conditionals="0" coveredconditionals="0" statements="12" coveredstatements="12" elements="14" coveredelements="14"/>
      </class>
      <line num="24" type="method" name="__construct" visibility="public" complexity="1" crap="1" count="464"/>
      <line num="27" type="stmt" count="464"/>
      <line num="35" type="method" name="trim" visibility="public" complexity="4" crap="4" count="464"/>
      <line num="37" type="stmt" count="464"/>
      <line num="39" type="stmt" count="464"/>
      <line num="40" type="stmt" count="464"/>
      <line num="41" type="stmt" count="26"/>
      <line num="42" type="stmt" count="26"/>
      <line num="45" type="stmt" count="464"/>
      <line num="47" type="stmt" count="464"/>
      <line num="48" type="stmt" count="60"/>
      <line num="49" type="stmt" count="60"/>
      <line num="52" type="stmt" count="464"/>
      <line num="55" type="stmt" count="464"/>
      <metrics loc="58" ncloc="40" classes="1" methods="2" coveredmethods="2" conditionals="0" coveredconditionals="0" statements="12" coveredstatements="12" elements="14" coveredelements="14"/>
    </file>
    <file name="C:\Users\hello\Projects\auth0-PHP\src\Utility\TransientStoreHandler.php">
      <class name="Auth0\SDK\Utility\TransientStoreHandler" namespace="global">
        <metrics complexity="13" methods="8" coveredmethods="8" conditionals="0" coveredconditionals="0" statements="12" coveredstatements="12" elements="20" coveredelements="20"/>
      </class>
      <line num="24" type="method" name="__construct" visibility="public" complexity="1" crap="1" count="35"/>
      <line num="27" type="stmt" count="35"/>
      <line num="33" type="method" name="getStore" visibility="public" complexity="1" crap="1" count="1"/>
      <line num="35" type="stmt" count="1"/>
      <line num="57" type="method" name="store" visibility="public" complexity="1" crap="1" count="10"/>
      <line num="61" type="stmt" count="10"/>
      <line num="69" type="method" name="issue" visibility="public" complexity="1" crap="1" count="6"/>
      <line num="72" type="stmt" count="6"/>
      <line num="73" type="stmt" count="6"/>
      <line num="74" type="stmt" count="6"/>
      <line num="82" type="method" name="isset" visibility="public" complexity="1" crap="1" count="6"/>
      <line num="85" type="stmt" count="6"/>
      <line num="93" type="method" name="delete" visibility="public" complexity="1" crap="1" count="10"/>
      <line num="96" type="stmt" count="10"/>
      <line num="104" type="method" name="getOnce" visibility="public" complexity="2" crap="2" count="27"/>
      <line num="108" type="stmt" count="27"/>
      <line num="110" type="stmt" count="27"/>
      <line num="112" type="stmt" count="27"/>
      <line num="121" type="method" name="verify" visibility="public" complexity="1" crap="1" count="13"/>
      <line num="125" type="stmt" count="13"/>
      <metrics loc="149" ncloc="88" classes="1" methods="8" coveredmethods="8" conditionals="0" coveredconditionals="0" statements="12" coveredstatements="12" elements="20" coveredelements="20"/>
    </file>
    <metrics files="97" loc="15176" ncloc="10425" classes="57" methods="438" coveredmethods="438" conditionals="0" coveredconditionals="0" statements="3075" coveredstatements="3075" elements="3513" coveredelements="3513"/>
  </project>
</coverage>
